06/23/2016|11:26:05 AM|Info|Log Start - clsUPSHwdInterface
06/23/2016|11:26:05 AM|Info|== UPS HWD Class Init Ok ==
06/23/2016|11:26:05 AM|Info|Logger Ini Path:E:\MDSHWDAPP\MDSHWD\UPSApp\AppIniFile\AppLayerIni\AppLayerLogSetting\UPSHWDLOG.INI
06/23/2016|11:26:05 AM|Info|UPS HWD Setting:E:\MDSHWDAPP\MDSHWD\UPSApp\AppIniFile\AppLayerIni\AppLayerParamSetting\UPSHWDCFG.INI
06/23/2016|11:26:05 AM|Info|UPS Code Setting:E:\MDSHWDAPP\MDSHWD\UPSApp\AppIniFile\AppLayerIni\AppLayerParamSetting\UPSSTATECODE.INI
06/23/2016|11:26:05 AM|Info|== UPS Hardware Setting ==
06/23/2016|11:26:05 AM|Info|Enable UPS=True
06/23/2016|11:26:05 AM|Info|UPS Status Path=E:\MDSHWDAPP\MDSHWD\UPSApp\TestData\user.log
06/23/2016|11:26:05 AM|Info|Monitor Interval=5000
06/23/2016|11:26:05 AM|Info|Seperator Field=,
06/23/2016|11:26:05 AM|Info|UPSServiceStart=1
06/23/2016|11:26:05 AM|Info|UPSCommunicationEstablished=2
06/23/2016|11:26:05 AM|Info|UPSServiceStop=3
06/23/2016|11:26:05 AM|Info|UPSCommunicationLost=4
06/23/2016|11:26:05 AM|Info|UPSBatteryMode=5
06/23/2016|11:26:05 AM|Info|UPSPowerSupplyUp =6
06/23/2016|11:26:05 AM|Info|== UPS Hardware Setting End==
06/23/2016|11:26:05 AM|Info|Read UPS Lookup Data Setting OK
06/23/2016|11:26:05 AM|Erro|UPS Status:4- Communication lost
06/23/2016|11:26:05 AM|Info|RaiseEvent EvtDeviceError
06/23/2016|11:26:05 AM|Warn|UPS - StartDevice Failed
06/23/2016|11:30:17 AM|Info|Log Start - clsUPSHwdInterface
06/23/2016|11:30:17 AM|Info|== UPS HWD Class Init Ok ==
06/23/2016|11:30:17 AM|Info|Logger Ini Path:E:\MDSHWDAPP\MDSHWD\UPSApp\AppIniFile\AppLayerIni\AppLayerLogSetting\UPSHWDLOG.INI
06/23/2016|11:30:17 AM|Info|UPS HWD Setting:E:\MDSHWDAPP\MDSHWD\UPSApp\AppIniFile\AppLayerIni\AppLayerParamSetting\UPSHWDCFG.INI
06/23/2016|11:30:17 AM|Info|UPS Code Setting:E:\MDSHWDAPP\MDSHWD\UPSApp\AppIniFile\AppLayerIni\AppLayerParamSetting\UPSSTATECODE.INI
06/23/2016|11:30:17 AM|Info|== UPS Hardware Setting ==
06/23/2016|11:30:17 AM|Info|Enable UPS=True
06/23/2016|11:30:17 AM|Info|UPS Status Path=E:\MDSHWDAPP\MDSHWD\UPSApp\TestData\user.log
06/23/2016|11:30:17 AM|Info|Monitor Interval=5000
06/23/2016|11:30:17 AM|Info|Seperator Field=,
06/23/2016|11:30:17 AM|Info|UPSServiceStart=1
06/23/2016|11:30:17 AM|Info|UPSCommunicationEstablished=2
06/23/2016|11:30:17 AM|Info|UPSServiceStop=3
06/23/2016|11:30:17 AM|Info|UPSCommunicationLost=4
06/23/2016|11:30:17 AM|Info|UPSBatteryMode=5
06/23/2016|11:30:17 AM|Info|UPSPowerSupplyUp =6
06/23/2016|11:30:17 AM|Info|== UPS Hardware Setting End==
06/23/2016|11:30:17 AM|Info|Read UPS Lookup Data Setting OK
06/23/2016|11:30:17 AM|Erro|UPS Status:4- Communication lost
06/23/2016|11:30:17 AM|Info|RaiseEvent EvtDeviceError
06/23/2016|11:30:17 AM|Warn|UPS - StartDevice Failed
