6/12/2014|11:10:51 AM|Info|Log Start
6/12/2014|11:10:51 AM|Info|Receipt Printer Layer Class Init Ok
6/12/2014|11:10:51 AM|Info|Logger INI Path:E:\MDSHWDAPP\MDSHWD\ReceiptPrinterApp\AppIniFile\AppLayerIni\AppLayerLogSetting\PRINTERHWDLOG.INI
6/12/2014|11:10:51 AM|Info|Receipt Printer HWD INI PATH:E:\MDSHWDAPP\MDSHWD\ReceiptPrinterApp\AppIniFile\AppLayerIni\AppLayerParamSetting\PRINTERHWDCFG.INI
6/12/2014|11:10:51 AM|Info|Receipt Printer Properties INI PATH:E:\MDSHWDAPP\MDSHWD\ReceiptPrinterApp\AppIniFile\AppLayerIni\AppLayerParamSetting\PRINTERSTATECODE.INI
6/12/2014|11:10:51 AM|Info|Receipt Printer Lookup Data INI PATH:E:\MDSHWDAPP\MDSHWD\ReceiptPrinterApp\AppIniFile\AppLayerIni\AppLayerParamSetting\RECEIPTSETTING.INI
6/12/2014|11:10:51 AM|Info|Read CUSTOM Printer Hardware Setting OK
6/12/2014|11:10:51 AM|Info|Custom Printer Name:Custom VKP80II (200dpi)
6/12/2014|11:10:51 AM|Info|Left Margin:10
6/12/2014|11:10:51 AM|Info|Top Margin:0
6/12/2014|11:10:51 AM|Info|Bottom Margin:0
6/12/2014|11:10:51 AM|Info|Right Margin:10
6/12/2014|11:10:51 AM|Info|Read Printer Properties Setting OK
6/12/2014|11:10:51 AM|Info|Read Receipt Printer Lookup Data Setting OK
6/12/2014|11:10:51 AM|Info|Read Receipt Printer HWD CFG Info OK
6/12/2014|11:11:01 AM|Info|Log Start
6/12/2014|11:11:01 AM|Info|Receipt Printer Layer Class Init Ok
6/12/2014|11:11:01 AM|Info|Logger INI Path:E:\MDSHWDAPP\MDSHWD\ReceiptPrinterApp\AppIniFile\AppLayerIni\AppLayerLogSetting\PRINTERHWDLOG.INI
6/12/2014|11:11:01 AM|Info|Receipt Printer HWD INI PATH:E:\MDSHWDAPP\MDSHWD\ReceiptPrinterApp\AppIniFile\AppLayerIni\AppLayerParamSetting\PRINTERHWDCFG.INI
6/12/2014|11:11:01 AM|Info|Receipt Printer Properties INI PATH:E:\MDSHWDAPP\MDSHWD\ReceiptPrinterApp\AppIniFile\AppLayerIni\AppLayerParamSetting\PRINTERSTATECODE.INI
6/12/2014|11:11:01 AM|Info|Receipt Printer Lookup Data INI PATH:E:\MDSHWDAPP\MDSHWD\ReceiptPrinterApp\AppIniFile\AppLayerIni\AppLayerParamSetting\RECEIPTSETTING.INI
6/12/2014|11:11:01 AM|Info|Read CUSTOM Printer Hardware Setting OK
6/12/2014|11:11:01 AM|Info|Custom Printer Name:Custom VKP80II (200dpi)
6/12/2014|11:11:01 AM|Info|Left Margin:10
6/12/2014|11:11:01 AM|Info|Top Margin:0
6/12/2014|11:11:01 AM|Info|Bottom Margin:0
6/12/2014|11:11:01 AM|Info|Right Margin:10
6/12/2014|11:11:01 AM|Info|Read Printer Properties Setting OK
6/12/2014|11:11:01 AM|Info|Read Receipt Printer Lookup Data Setting OK
6/12/2014|11:11:01 AM|Info|Read Receipt Printer HWD CFG Info OK
