7/11/2014|10:00:50 AM|Info|Log Start
7/11/2014|10:00:50 AM|Info|== RSI HWD Class Init Ok ==
7/11/2014|10:00:50 AM|Info|Logger Ini Path:E:\MDSHWDAPP\MDSHWD\RSIApp\AppIniFile\AppLayerIni\AppLayerLogSetting\RSIHWDLOG.INI
7/11/2014|10:00:50 AM|Info|RSI HWD Setting:E:\MDSHWDAPP\MDSHWD\RSIApp\AppIniFile\AppLayerIni\AppLayerParamSetting\RSIHWDCFG.INI
7/11/2014|10:00:50 AM|Info|RSI Code Setting:E:\MDSHWDAPP\MDSHWD\RSIApp\AppIniFile\AppLayerIni\AppLayerParamSetting\RSISTATECODE.INI
7/11/2014|10:00:50 AM|Info|== RSI Hardware Setting ==
7/11/2014|10:00:50 AM|Info|Enable RSI=True
7/11/2014|10:00:50 AM|Info|RSI No of Comport=1
7/11/2014|10:00:50 AM|Info|Comport 1=5
7/11/2014|10:00:50 AM|Info|Baudrate=9600
7/11/2014|10:00:50 AM|Info|Parity=0
7/11/2014|10:00:50 AM|Info|Databits=8
7/11/2014|10:00:50 AM|Info|Stopbits=1
7/11/2014|10:00:50 AM|Info|Comport 2=6
7/11/2014|10:00:50 AM|Info|Baudrate=9600
7/11/2014|10:00:50 AM|Info|Parity=0
7/11/2014|10:00:50 AM|Info|Databits=8
7/11/2014|10:00:50 AM|Info|Stopbits=1
7/11/2014|10:00:50 AM|Info|== RSI Hardware Setting End==
7/11/2014|10:00:50 AM|Info|Read RSI Lookup Data Setting OK
7/11/2014|10:00:50 AM|Erro|Error in InitRSICommunication:The port 'COM5' does not exist.
7/11/2014|10:00:50 AM|Info|RaiseEvent EvtDeviceError
7/11/2014|10:00:50 AM|Erro|RSI - StartDevice Failed
7/11/2014|10:00:52 AM|Info|RSI Light 2 - Trigger ON=True
7/11/2014|10:29:01 AM|Info|Log Start
7/11/2014|10:29:01 AM|Info|== RSI HWD Class Init Ok ==
7/11/2014|10:29:01 AM|Info|Logger Ini Path:E:\MDSHWDAPP\MDSHWD\RSIApp\AppIniFile\AppLayerIni\AppLayerLogSetting\RSIHWDLOG.INI
7/11/2014|10:29:01 AM|Info|RSI HWD Setting:E:\MDSHWDAPP\MDSHWD\RSIApp\AppIniFile\AppLayerIni\AppLayerParamSetting\RSIHWDCFG.INI
7/11/2014|10:29:01 AM|Info|RSI Code Setting:E:\MDSHWDAPP\MDSHWD\RSIApp\AppIniFile\AppLayerIni\AppLayerParamSetting\RSISTATECODE.INI
7/11/2014|10:29:01 AM|Info|== RSI Hardware Setting ==
7/11/2014|10:29:01 AM|Info|Enable RSI=True
7/11/2014|10:29:01 AM|Info|RSI No of Comport=1
7/11/2014|10:29:01 AM|Info|Comport 1=5
7/11/2014|10:29:01 AM|Info|Baudrate=9600
7/11/2014|10:29:01 AM|Info|Parity=0
7/11/2014|10:29:01 AM|Info|Databits=8
7/11/2014|10:29:01 AM|Info|Stopbits=1
7/11/2014|10:29:01 AM|Info|Comport 2=6
7/11/2014|10:29:01 AM|Info|Baudrate=9600
7/11/2014|10:29:01 AM|Info|Parity=0
7/11/2014|10:29:01 AM|Info|Databits=8
7/11/2014|10:29:01 AM|Info|Stopbits=1
7/11/2014|10:29:01 AM|Info|== RSI Hardware Setting End==
7/11/2014|10:29:01 AM|Info|Read RSI Lookup Data Setting OK
7/11/2014|10:29:01 AM|Erro|Error in InitRSICommunication:The port 'COM5' does not exist.
7/11/2014|10:29:01 AM|Info|RaiseEvent EvtDeviceError
7/11/2014|10:29:01 AM|Erro|RSI - StartDevice Failed
7/11/2014|10:29:01 AM|Info|RSI Light 2 - Trigger ON=True
7/11/2014|10:33:37 AM|Info|Log Start
7/11/2014|10:33:37 AM|Info|== RSI HWD Class Init Ok ==
7/11/2014|10:33:37 AM|Info|Logger Ini Path:E:\MDSHWDAPP\MDSHWD\RSIApp\AppIniFile\AppLayerIni\AppLayerLogSetting\RSIHWDLOG.INI
7/11/2014|10:33:37 AM|Info|RSI HWD Setting:E:\MDSHWDAPP\MDSHWD\RSIApp\AppIniFile\AppLayerIni\AppLayerParamSetting\RSIHWDCFG.INI
7/11/2014|10:33:37 AM|Info|RSI Code Setting:E:\MDSHWDAPP\MDSHWD\RSIApp\AppIniFile\AppLayerIni\AppLayerParamSetting\RSISTATECODE.INI
7/11/2014|10:33:37 AM|Info|== RSI Hardware Setting ==
7/11/2014|10:33:37 AM|Info|Enable RSI=True
7/11/2014|10:33:37 AM|Info|RSI No of Comport=1
7/11/2014|10:33:37 AM|Info|Comport 1=5
7/11/2014|10:33:37 AM|Info|Baudrate=9600
7/11/2014|10:33:37 AM|Info|Parity=0
7/11/2014|10:33:37 AM|Info|Databits=8
7/11/2014|10:33:37 AM|Info|Stopbits=1
7/11/2014|10:33:37 AM|Info|Comport 2=6
7/11/2014|10:33:37 AM|Info|Baudrate=9600
7/11/2014|10:33:37 AM|Info|Parity=0
7/11/2014|10:33:37 AM|Info|Databits=8
7/11/2014|10:33:37 AM|Info|Stopbits=1
7/11/2014|10:33:37 AM|Info|== RSI Hardware Setting End==
7/11/2014|10:33:37 AM|Info|Read RSI Lookup Data Setting OK
7/11/2014|10:33:37 AM|Erro|Error in InitRSICommunication:The port 'COM5' does not exist.
7/11/2014|10:33:37 AM|Info|RaiseEvent EvtDeviceError
7/11/2014|10:33:37 AM|Erro|RSI - StartDevice Failed
7/11/2014|10:33:38 AM|Info|RSI Light 2 - Trigger ON=True
7/11/2014|10:39:27 AM|Info|Log Start
7/11/2014|10:39:27 AM|Info|== RSI HWD Class Init Ok ==
7/11/2014|10:39:27 AM|Info|Logger Ini Path:E:\MDSHWDAPP\MDSHWD\RSIApp\AppIniFile\AppLayerIni\AppLayerLogSetting\RSIHWDLOG.INI
7/11/2014|10:39:27 AM|Info|RSI HWD Setting:E:\MDSHWDAPP\MDSHWD\RSIApp\AppIniFile\AppLayerIni\AppLayerParamSetting\RSIHWDCFG.INI
7/11/2014|10:39:27 AM|Info|RSI Code Setting:E:\MDSHWDAPP\MDSHWD\RSIApp\AppIniFile\AppLayerIni\AppLayerParamSetting\RSISTATECODE.INI
7/11/2014|10:39:27 AM|Info|== RSI Hardware Setting ==
7/11/2014|10:39:27 AM|Info|Enable RSI=True
7/11/2014|10:39:27 AM|Info|RSI No of Comport=1
7/11/2014|10:39:27 AM|Info|Comport 1=5
7/11/2014|10:39:27 AM|Info|Baudrate=9600
7/11/2014|10:39:27 AM|Info|Parity=0
7/11/2014|10:39:27 AM|Info|Databits=8
7/11/2014|10:39:27 AM|Info|Stopbits=1
7/11/2014|10:39:27 AM|Info|Comport 2=6
7/11/2014|10:39:27 AM|Info|Baudrate=9600
7/11/2014|10:39:27 AM|Info|Parity=0
7/11/2014|10:39:27 AM|Info|Databits=8
7/11/2014|10:39:27 AM|Info|Stopbits=1
7/11/2014|10:39:27 AM|Info|== RSI Hardware Setting End==
7/11/2014|10:39:27 AM|Info|Read RSI Lookup Data Setting OK
7/11/2014|10:39:27 AM|Erro|Error in InitRSICommunication:The port 'COM5' does not exist.
7/11/2014|10:39:27 AM|Info|RaiseEvent EvtDeviceError
7/11/2014|10:39:27 AM|Erro|RSI - StartDevice Failed
7/11/2014|10:39:28 AM|Info|RSI Light 2 - Trigger ON=True
7/11/2014|11:53:28 AM|Info|Log Start
7/11/2014|11:53:28 AM|Info|== RSI HWD Class Init Ok ==
7/11/2014|11:53:28 AM|Info|Logger Ini Path:E:\MDSHWDAPP\MDSHWD\RSIApp\AppIniFile\AppLayerIni\AppLayerLogSetting\RSIHWDLOG.INI
7/11/2014|11:53:28 AM|Info|RSI HWD Setting:E:\MDSHWDAPP\MDSHWD\RSIApp\AppIniFile\AppLayerIni\AppLayerParamSetting\RSIHWDCFG.INI
7/11/2014|11:53:28 AM|Info|RSI Code Setting:E:\MDSHWDAPP\MDSHWD\RSIApp\AppIniFile\AppLayerIni\AppLayerParamSetting\RSISTATECODE.INI
7/11/2014|11:53:28 AM|Info|== RSI Hardware Setting ==
7/11/2014|11:53:28 AM|Info|Enable RSI=True
7/11/2014|11:53:28 AM|Info|RSI No of Comport=1
7/11/2014|11:53:28 AM|Info|Comport 1=5
7/11/2014|11:53:28 AM|Info|Baudrate=9600
7/11/2014|11:53:28 AM|Info|Parity=0
7/11/2014|11:53:28 AM|Info|Databits=8
7/11/2014|11:53:28 AM|Info|Stopbits=1
7/11/2014|11:53:28 AM|Info|Comport 2=6
7/11/2014|11:53:28 AM|Info|Baudrate=9600
7/11/2014|11:53:28 AM|Info|Parity=0
7/11/2014|11:53:28 AM|Info|Databits=8
7/11/2014|11:53:28 AM|Info|Stopbits=1
7/11/2014|11:53:28 AM|Info|== RSI Hardware Setting End==
7/11/2014|11:53:28 AM|Info|Read RSI Lookup Data Setting OK
7/11/2014|11:53:34 AM|Info|Log Start
7/11/2014|11:53:34 AM|Info|== RSI HWD Class Init Ok ==
7/11/2014|11:53:34 AM|Info|Logger Ini Path:E:\MDSHWDAPP\MDSHWD\RSIApp\AppIniFile\AppLayerIni\AppLayerLogSetting\RSIHWDLOG.INI
7/11/2014|11:53:34 AM|Info|RSI HWD Setting:E:\MDSHWDAPP\MDSHWD\RSIApp\AppIniFile\AppLayerIni\AppLayerParamSetting\RSIHWDCFG.INI
7/11/2014|11:53:34 AM|Info|RSI Code Setting:E:\MDSHWDAPP\MDSHWD\RSIApp\AppIniFile\AppLayerIni\AppLayerParamSetting\RSISTATECODE.INI
7/11/2014|11:53:34 AM|Info|== RSI Hardware Setting ==
7/11/2014|11:53:34 AM|Info|Enable RSI=True
7/11/2014|11:53:34 AM|Info|RSI No of Comport=1
7/11/2014|11:53:34 AM|Info|Comport 1=5
7/11/2014|11:53:34 AM|Info|Baudrate=9600
7/11/2014|11:53:34 AM|Info|Parity=0
7/11/2014|11:53:34 AM|Info|Databits=8
7/11/2014|11:53:34 AM|Info|Stopbits=1
7/11/2014|11:53:34 AM|Info|Comport 2=6
7/11/2014|11:53:34 AM|Info|Baudrate=9600
7/11/2014|11:53:34 AM|Info|Parity=0
7/11/2014|11:53:34 AM|Info|Databits=8
7/11/2014|11:53:34 AM|Info|Stopbits=1
7/11/2014|11:53:34 AM|Info|== RSI Hardware Setting End==
7/11/2014|11:53:34 AM|Info|Read RSI Lookup Data Setting OK
7/11/2014|12:13:57 PM|Info|Log Start
7/11/2014|12:13:57 PM|Info|== RSI HWD Class Init Ok ==
7/11/2014|12:13:57 PM|Info|Logger Ini Path:E:\MDSHWDAPP\MDSHWD\RSIApp\AppIniFile\AppLayerIni\AppLayerLogSetting\RSIHWDLOG.INI
7/11/2014|12:13:57 PM|Info|RSI HWD Setting:E:\MDSHWDAPP\MDSHWD\RSIApp\AppIniFile\AppLayerIni\AppLayerParamSetting\RSIHWDCFG.INI
7/11/2014|12:13:57 PM|Info|RSI Code Setting:E:\MDSHWDAPP\MDSHWD\RSIApp\AppIniFile\AppLayerIni\AppLayerParamSetting\RSISTATECODE.INI
7/11/2014|12:13:57 PM|Info|== RSI Hardware Setting ==
7/11/2014|12:13:57 PM|Info|Enable RSI=True
7/11/2014|12:13:57 PM|Info|RSI No of Comport=1
7/11/2014|12:13:57 PM|Info|Comport 1=5
7/11/2014|12:13:57 PM|Info|Baudrate=9600
7/11/2014|12:13:57 PM|Info|Parity=0
7/11/2014|12:13:57 PM|Info|Databits=8
7/11/2014|12:13:57 PM|Info|Stopbits=1
7/11/2014|12:13:57 PM|Info|Comport 2=6
7/11/2014|12:13:57 PM|Info|Baudrate=9600
7/11/2014|12:13:57 PM|Info|Parity=0
7/11/2014|12:13:57 PM|Info|Databits=8
7/11/2014|12:13:57 PM|Info|Stopbits=1
7/11/2014|12:13:57 PM|Info|== RSI Hardware Setting End==
7/11/2014|12:13:57 PM|Info|Read RSI Lookup Data Setting OK
7/11/2014|12:24:41 PM|Info|Log Start
7/11/2014|12:24:41 PM|Info|== RSI HWD Class Init Ok ==
7/11/2014|12:24:41 PM|Info|Logger Ini Path:E:\MDSHWDAPP\MDSHWD\RSIApp\AppIniFile\AppLayerIni\AppLayerLogSetting\RSIHWDLOG.INI
7/11/2014|12:24:41 PM|Info|RSI HWD Setting:E:\MDSHWDAPP\MDSHWD\RSIApp\AppIniFile\AppLayerIni\AppLayerParamSetting\RSIHWDCFG.INI
7/11/2014|12:24:41 PM|Info|RSI Code Setting:E:\MDSHWDAPP\MDSHWD\RSIApp\AppIniFile\AppLayerIni\AppLayerParamSetting\RSISTATECODE.INI
7/11/2014|12:24:41 PM|Info|== RSI Hardware Setting ==
7/11/2014|12:24:41 PM|Info|Enable RSI=True
7/11/2014|12:24:41 PM|Info|RSI No of Comport=1
7/11/2014|12:24:41 PM|Info|Comport 1=5
7/11/2014|12:24:41 PM|Info|Baudrate=9600
7/11/2014|12:24:41 PM|Info|Parity=0
7/11/2014|12:24:41 PM|Info|Databits=8
7/11/2014|12:24:41 PM|Info|Stopbits=1
7/11/2014|12:24:41 PM|Info|Comport 2=6
7/11/2014|12:24:41 PM|Info|Baudrate=9600
7/11/2014|12:24:41 PM|Info|Parity=0
7/11/2014|12:24:41 PM|Info|Databits=8
7/11/2014|12:24:41 PM|Info|Stopbits=1
7/11/2014|12:24:41 PM|Info|== RSI Hardware Setting End==
7/11/2014|12:24:41 PM|Info|Read RSI Lookup Data Setting OK
7/11/2014|12:24:41 PM|Erro|Error in InitRSICommunication:The port 'COM5' does not exist.
7/11/2014|12:24:41 PM|Info|RaiseEvent EvtDeviceError
7/11/2014|12:24:41 PM|Erro|RSI - StartDevice Failed
7/11/2014|12:24:41 PM|Info|RSI Light 2 - Trigger ON=True
7/11/2014|12:26:29 PM|Info|Log Start
7/11/2014|12:26:29 PM|Info|== RSI HWD Class Init Ok ==
7/11/2014|12:26:29 PM|Info|Logger Ini Path:E:\MDSHWDAPP\MDSHWD\RSIApp\AppIniFile\AppLayerIni\AppLayerLogSetting\RSIHWDLOG.INI
7/11/2014|12:26:29 PM|Info|RSI HWD Setting:E:\MDSHWDAPP\MDSHWD\RSIApp\AppIniFile\AppLayerIni\AppLayerParamSetting\RSIHWDCFG.INI
7/11/2014|12:26:29 PM|Info|RSI Code Setting:E:\MDSHWDAPP\MDSHWD\RSIApp\AppIniFile\AppLayerIni\AppLayerParamSetting\RSISTATECODE.INI
7/11/2014|12:26:29 PM|Info|== RSI Hardware Setting ==
7/11/2014|12:26:29 PM|Info|Enable RSI=True
7/11/2014|12:26:29 PM|Info|RSI No of Comport=1
7/11/2014|12:26:29 PM|Info|Comport 1=5
7/11/2014|12:26:29 PM|Info|Baudrate=9600
7/11/2014|12:26:29 PM|Info|Parity=0
7/11/2014|12:26:29 PM|Info|Databits=8
7/11/2014|12:26:29 PM|Info|Stopbits=1
7/11/2014|12:26:29 PM|Info|Comport 2=6
7/11/2014|12:26:29 PM|Info|Baudrate=9600
7/11/2014|12:26:29 PM|Info|Parity=0
7/11/2014|12:26:29 PM|Info|Databits=8
7/11/2014|12:26:29 PM|Info|Stopbits=1
7/11/2014|12:26:29 PM|Info|== RSI Hardware Setting End==
7/11/2014|12:26:29 PM|Info|Read RSI Lookup Data Setting OK
7/11/2014|12:26:29 PM|Erro|Error in InitRSICommunication:The port 'COM5' does not exist.
7/11/2014|12:26:29 PM|Info|RaiseEvent EvtDeviceError
7/11/2014|12:26:29 PM|Erro|RSI - StartDevice Failed
7/11/2014|12:26:29 PM|Info|RSI Light 2 - Trigger ON=True
7/11/2014|12:36:07 PM|Info|Log Start
7/11/2014|12:36:07 PM|Info|== RSI HWD Class Init Ok ==
7/11/2014|12:36:07 PM|Info|Logger Ini Path:E:\MDSHWDAPP\MDSHWD\RSIApp\AppIniFile\AppLayerIni\AppLayerLogSetting\RSIHWDLOG.INI
7/11/2014|12:36:07 PM|Info|RSI HWD Setting:E:\MDSHWDAPP\MDSHWD\RSIApp\AppIniFile\AppLayerIni\AppLayerParamSetting\RSIHWDCFG.INI
7/11/2014|12:36:07 PM|Info|RSI Code Setting:E:\MDSHWDAPP\MDSHWD\RSIApp\AppIniFile\AppLayerIni\AppLayerParamSetting\RSISTATECODE.INI
7/11/2014|12:36:07 PM|Info|== RSI Hardware Setting ==
7/11/2014|12:36:07 PM|Info|Enable RSI=True
7/11/2014|12:36:07 PM|Info|RSI No of Comport=1
7/11/2014|12:36:07 PM|Info|Comport 1=5
7/11/2014|12:36:07 PM|Info|Baudrate=9600
7/11/2014|12:36:07 PM|Info|Parity=0
7/11/2014|12:36:07 PM|Info|Databits=8
7/11/2014|12:36:07 PM|Info|Stopbits=1
7/11/2014|12:36:07 PM|Info|Comport 2=6
7/11/2014|12:36:07 PM|Info|Baudrate=9600
7/11/2014|12:36:07 PM|Info|Parity=0
7/11/2014|12:36:07 PM|Info|Databits=8
7/11/2014|12:36:07 PM|Info|Stopbits=1
7/11/2014|12:36:07 PM|Info|== RSI Hardware Setting End==
7/11/2014|12:36:07 PM|Info|Read RSI Lookup Data Setting OK
7/11/2014|12:36:07 PM|Erro|Error in InitRSICommunication:The port 'COM5' does not exist.
7/11/2014|12:36:07 PM|Info|RaiseEvent EvtDeviceError
7/11/2014|12:36:07 PM|Erro|RSI - StartDevice Failed
7/11/2014|12:36:07 PM|Info|RSI Light 2 - Trigger ON=True
7/11/2014|2:24:06 PM|Info|Log Start
7/11/2014|2:24:06 PM|Info|== RSI HWD Class Init Ok ==
7/11/2014|2:24:06 PM|Info|Logger Ini Path:E:\MDSHWDAPP\MDSHWD\RSIApp\AppIniFile\AppLayerIni\AppLayerLogSetting\RSIHWDLOG.INI
7/11/2014|2:24:06 PM|Info|RSI HWD Setting:E:\MDSHWDAPP\MDSHWD\RSIApp\AppIniFile\AppLayerIni\AppLayerParamSetting\RSIHWDCFG.INI
7/11/2014|2:24:06 PM|Info|RSI Code Setting:E:\MDSHWDAPP\MDSHWD\RSIApp\AppIniFile\AppLayerIni\AppLayerParamSetting\RSISTATECODE.INI
7/11/2014|2:24:06 PM|Info|== RSI Hardware Setting ==
7/11/2014|2:24:06 PM|Info|Enable RSI=True
7/11/2014|2:24:06 PM|Info|RSI No of Comport=1
7/11/2014|2:24:06 PM|Info|Comport 1=5
7/11/2014|2:24:06 PM|Info|Baudrate=9600
7/11/2014|2:24:06 PM|Info|Parity=0
7/11/2014|2:24:06 PM|Info|Databits=8
7/11/2014|2:24:06 PM|Info|Stopbits=1
7/11/2014|2:24:06 PM|Info|Comport 2=6
7/11/2014|2:24:06 PM|Info|Baudrate=9600
7/11/2014|2:24:06 PM|Info|Parity=0
7/11/2014|2:24:06 PM|Info|Databits=8
7/11/2014|2:24:06 PM|Info|Stopbits=1
7/11/2014|2:24:06 PM|Info|== RSI Hardware Setting End==
7/11/2014|2:24:06 PM|Info|Read RSI Lookup Data Setting OK
7/11/2014|2:24:06 PM|Erro|Error in InitRSICommunication:The port 'COM5' does not exist.
7/11/2014|2:24:06 PM|Info|RaiseEvent EvtDeviceError
7/11/2014|2:24:06 PM|Erro|RSI - StartDevice Failed
7/11/2014|2:24:07 PM|Info|RSI Light 2 - Trigger ON=True
7/11/2014|3:14:08 PM|Info|Log Start
7/11/2014|3:14:08 PM|Info|== RSI HWD Class Init Ok ==
7/11/2014|3:14:08 PM|Info|Logger Ini Path:E:\MDSHWDAPP\MDSHWD\RSIApp\AppIniFile\AppLayerIni\AppLayerLogSetting\RSIHWDLOG.INI
7/11/2014|3:14:08 PM|Info|RSI HWD Setting:E:\MDSHWDAPP\MDSHWD\RSIApp\AppIniFile\AppLayerIni\AppLayerParamSetting\RSIHWDCFG.INI
7/11/2014|3:14:08 PM|Info|RSI Code Setting:E:\MDSHWDAPP\MDSHWD\RSIApp\AppIniFile\AppLayerIni\AppLayerParamSetting\RSISTATECODE.INI
7/11/2014|3:14:08 PM|Info|== RSI Hardware Setting ==
7/11/2014|3:14:08 PM|Info|Enable RSI=True
7/11/2014|3:14:08 PM|Info|RSI No of Comport=1
7/11/2014|3:14:08 PM|Info|Comport 1=5
7/11/2014|3:14:08 PM|Info|Baudrate=9600
7/11/2014|3:14:08 PM|Info|Parity=0
7/11/2014|3:14:08 PM|Info|Databits=8
7/11/2014|3:14:08 PM|Info|Stopbits=1
7/11/2014|3:14:08 PM|Info|Comport 2=6
7/11/2014|3:14:08 PM|Info|Baudrate=9600
7/11/2014|3:14:08 PM|Info|Parity=0
7/11/2014|3:14:08 PM|Info|Databits=8
7/11/2014|3:14:08 PM|Info|Stopbits=1
7/11/2014|3:14:08 PM|Info|== RSI Hardware Setting End==
7/11/2014|3:14:08 PM|Info|Read RSI Lookup Data Setting OK
7/11/2014|3:14:08 PM|Erro|Error in InitRSICommunication:The port 'COM5' does not exist.
7/11/2014|3:14:08 PM|Info|RaiseEvent EvtDeviceError
7/11/2014|3:14:08 PM|Erro|RSI - StartDevice Failed
7/11/2014|3:14:08 PM|Info|RSI Light 2 - Trigger ON=True
7/11/2014|3:35:27 PM|Info|Log Start
7/11/2014|3:35:27 PM|Info|== RSI HWD Class Init Ok ==
7/11/2014|3:35:27 PM|Info|Logger Ini Path:E:\MDSHWDAPP\MDSHWD\RSIApp\AppIniFile\AppLayerIni\AppLayerLogSetting\RSIHWDLOG.INI
7/11/2014|3:35:27 PM|Info|RSI HWD Setting:E:\MDSHWDAPP\MDSHWD\RSIApp\AppIniFile\AppLayerIni\AppLayerParamSetting\RSIHWDCFG.INI
7/11/2014|3:35:27 PM|Info|RSI Code Setting:E:\MDSHWDAPP\MDSHWD\RSIApp\AppIniFile\AppLayerIni\AppLayerParamSetting\RSISTATECODE.INI
7/11/2014|3:35:27 PM|Info|== RSI Hardware Setting ==
7/11/2014|3:35:27 PM|Info|Enable RSI=True
7/11/2014|3:35:27 PM|Info|RSI No of Comport=1
7/11/2014|3:35:27 PM|Info|Comport 1=5
7/11/2014|3:35:27 PM|Info|Baudrate=9600
7/11/2014|3:35:27 PM|Info|Parity=0
7/11/2014|3:35:27 PM|Info|Databits=8
7/11/2014|3:35:27 PM|Info|Stopbits=1
7/11/2014|3:35:27 PM|Info|Comport 2=6
7/11/2014|3:35:27 PM|Info|Baudrate=9600
7/11/2014|3:35:27 PM|Info|Parity=0
7/11/2014|3:35:27 PM|Info|Databits=8
7/11/2014|3:35:27 PM|Info|Stopbits=1
7/11/2014|3:35:27 PM|Info|== RSI Hardware Setting End==
7/11/2014|3:35:27 PM|Info|Read RSI Lookup Data Setting OK
7/11/2014|3:35:27 PM|Erro|Error in InitRSICommunication:The port 'COM5' does not exist.
7/11/2014|3:35:27 PM|Info|RaiseEvent EvtDeviceError
7/11/2014|3:35:27 PM|Erro|RSI - StartDevice Failed
7/11/2014|3:35:28 PM|Info|RSI Light 2 - Trigger ON=True
7/11/2014|3:36:37 PM|Info|Log Start
7/11/2014|3:36:37 PM|Info|== RSI HWD Class Init Ok ==
7/11/2014|3:36:37 PM|Info|Logger Ini Path:E:\MDSHWDAPP\MDSHWD\RSIApp\AppIniFile\AppLayerIni\AppLayerLogSetting\RSIHWDLOG.INI
7/11/2014|3:36:37 PM|Info|RSI HWD Setting:E:\MDSHWDAPP\MDSHWD\RSIApp\AppIniFile\AppLayerIni\AppLayerParamSetting\RSIHWDCFG.INI
7/11/2014|3:36:37 PM|Info|RSI Code Setting:E:\MDSHWDAPP\MDSHWD\RSIApp\AppIniFile\AppLayerIni\AppLayerParamSetting\RSISTATECODE.INI
7/11/2014|3:36:37 PM|Info|== RSI Hardware Setting ==
7/11/2014|3:36:37 PM|Info|Enable RSI=True
7/11/2014|3:36:37 PM|Info|RSI No of Comport=1
7/11/2014|3:36:37 PM|Info|Comport 1=5
7/11/2014|3:36:37 PM|Info|Baudrate=9600
7/11/2014|3:36:37 PM|Info|Parity=0
7/11/2014|3:36:37 PM|Info|Databits=8
7/11/2014|3:36:37 PM|Info|Stopbits=1
7/11/2014|3:36:37 PM|Info|Comport 2=6
7/11/2014|3:36:37 PM|Info|Baudrate=9600
7/11/2014|3:36:37 PM|Info|Parity=0
7/11/2014|3:36:37 PM|Info|Databits=8
7/11/2014|3:36:37 PM|Info|Stopbits=1
7/11/2014|3:36:37 PM|Info|== RSI Hardware Setting End==
7/11/2014|3:36:37 PM|Info|Read RSI Lookup Data Setting OK
7/11/2014|3:36:37 PM|Erro|Error in InitRSICommunication:The port 'COM5' does not exist.
7/11/2014|3:36:37 PM|Info|RaiseEvent EvtDeviceError
7/11/2014|3:36:37 PM|Erro|RSI - StartDevice Failed
7/11/2014|3:36:37 PM|Info|RSI Light 2 - Trigger ON=True
7/11/2014|3:49:07 PM|Info|Log Start
7/11/2014|3:49:07 PM|Info|== RSI HWD Class Init Ok ==
7/11/2014|3:49:07 PM|Info|Logger Ini Path:E:\MDSHWDAPP\MDSHWD\RSIApp\AppIniFile\AppLayerIni\AppLayerLogSetting\RSIHWDLOG.INI
7/11/2014|3:49:07 PM|Info|RSI HWD Setting:E:\MDSHWDAPP\MDSHWD\RSIApp\AppIniFile\AppLayerIni\AppLayerParamSetting\RSIHWDCFG.INI
7/11/2014|3:49:07 PM|Info|RSI Code Setting:E:\MDSHWDAPP\MDSHWD\RSIApp\AppIniFile\AppLayerIni\AppLayerParamSetting\RSISTATECODE.INI
7/11/2014|3:49:07 PM|Info|== RSI Hardware Setting ==
7/11/2014|3:49:07 PM|Info|Enable RSI=True
7/11/2014|3:49:07 PM|Info|RSI No of Comport=1
7/11/2014|3:49:07 PM|Info|Comport 1=5
7/11/2014|3:49:07 PM|Info|Baudrate=9600
7/11/2014|3:49:07 PM|Info|Parity=0
7/11/2014|3:49:07 PM|Info|Databits=8
7/11/2014|3:49:07 PM|Info|Stopbits=1
7/11/2014|3:49:07 PM|Info|Comport 2=6
7/11/2014|3:49:07 PM|Info|Baudrate=9600
7/11/2014|3:49:07 PM|Info|Parity=0
7/11/2014|3:49:07 PM|Info|Databits=8
7/11/2014|3:49:07 PM|Info|Stopbits=1
7/11/2014|3:49:07 PM|Info|== RSI Hardware Setting End==
7/11/2014|3:49:07 PM|Info|Read RSI Lookup Data Setting OK
7/11/2014|3:49:07 PM|Erro|Error in InitRSICommunication:The port 'COM5' does not exist.
7/11/2014|3:49:07 PM|Info|RaiseEvent EvtDeviceError
7/11/2014|3:49:07 PM|Erro|RSI - StartDevice Failed
7/11/2014|3:49:08 PM|Info|RSI Light 2 - Trigger ON=True
7/11/2014|3:49:23 PM|Info|Log Start
7/11/2014|3:49:23 PM|Info|== RSI HWD Class Init Ok ==
7/11/2014|3:49:23 PM|Info|Logger Ini Path:E:\MDSHWDAPP\MDSHWD\RSIApp\AppIniFile\AppLayerIni\AppLayerLogSetting\RSIHWDLOG.INI
7/11/2014|3:49:23 PM|Info|RSI HWD Setting:E:\MDSHWDAPP\MDSHWD\RSIApp\AppIniFile\AppLayerIni\AppLayerParamSetting\RSIHWDCFG.INI
7/11/2014|3:49:23 PM|Info|RSI Code Setting:E:\MDSHWDAPP\MDSHWD\RSIApp\AppIniFile\AppLayerIni\AppLayerParamSetting\RSISTATECODE.INI
7/11/2014|3:49:23 PM|Info|== RSI Hardware Setting ==
7/11/2014|3:49:23 PM|Info|Enable RSI=True
7/11/2014|3:49:23 PM|Info|RSI No of Comport=1
7/11/2014|3:49:23 PM|Info|Comport 1=5
7/11/2014|3:49:23 PM|Info|Baudrate=9600
7/11/2014|3:49:23 PM|Info|Parity=0
7/11/2014|3:49:23 PM|Info|Databits=8
7/11/2014|3:49:23 PM|Info|Stopbits=1
7/11/2014|3:49:23 PM|Info|Comport 2=6
7/11/2014|3:49:23 PM|Info|Baudrate=9600
7/11/2014|3:49:23 PM|Info|Parity=0
7/11/2014|3:49:23 PM|Info|Databits=8
7/11/2014|3:49:23 PM|Info|Stopbits=1
7/11/2014|3:49:23 PM|Info|== RSI Hardware Setting End==
7/11/2014|3:49:23 PM|Info|Read RSI Lookup Data Setting OK
7/11/2014|3:49:23 PM|Erro|Error in InitRSICommunication:The port 'COM5' does not exist.
7/11/2014|3:49:23 PM|Info|RaiseEvent EvtDeviceError
7/11/2014|3:49:23 PM|Erro|RSI - StartDevice Failed
7/11/2014|3:49:23 PM|Info|RSI Light 2 - Trigger ON=True
7/11/2014|4:23:49 PM|Info|Log Start
7/11/2014|4:23:49 PM|Info|== RSI HWD Class Init Ok ==
7/11/2014|4:23:49 PM|Info|Logger Ini Path:E:\MDSHWDAPP\MDSHWD\RSIApp\AppIniFile\AppLayerIni\AppLayerLogSetting\RSIHWDLOG.INI
7/11/2014|4:23:49 PM|Info|RSI HWD Setting:E:\MDSHWDAPP\MDSHWD\RSIApp\AppIniFile\AppLayerIni\AppLayerParamSetting\RSIHWDCFG.INI
7/11/2014|4:23:49 PM|Info|RSI Code Setting:E:\MDSHWDAPP\MDSHWD\RSIApp\AppIniFile\AppLayerIni\AppLayerParamSetting\RSISTATECODE.INI
7/11/2014|4:23:49 PM|Info|== RSI Hardware Setting ==
7/11/2014|4:23:49 PM|Info|Enable RSI=True
7/11/2014|4:23:49 PM|Info|RSI No of Comport=1
7/11/2014|4:23:49 PM|Info|Comport 1=5
7/11/2014|4:23:49 PM|Info|Baudrate=9600
7/11/2014|4:23:49 PM|Info|Parity=0
7/11/2014|4:23:49 PM|Info|Databits=8
7/11/2014|4:23:49 PM|Info|Stopbits=1
7/11/2014|4:23:49 PM|Info|Comport 2=6
7/11/2014|4:23:49 PM|Info|Baudrate=9600
7/11/2014|4:23:49 PM|Info|Parity=0
7/11/2014|4:23:49 PM|Info|Databits=8
7/11/2014|4:23:49 PM|Info|Stopbits=1
7/11/2014|4:23:49 PM|Info|== RSI Hardware Setting End==
7/11/2014|4:23:49 PM|Info|Read RSI Lookup Data Setting OK
7/11/2014|4:23:49 PM|Erro|Error in InitRSICommunication:The port 'COM5' does not exist.
7/11/2014|4:23:49 PM|Info|RaiseEvent EvtDeviceError
7/11/2014|4:23:49 PM|Erro|RSI - StartDevice Failed
7/11/2014|4:23:50 PM|Info|RSI Light 2 - Trigger ON=True
7/11/2014|4:24:09 PM|Info|Log Start
7/11/2014|4:24:09 PM|Info|== RSI HWD Class Init Ok ==
7/11/2014|4:24:09 PM|Info|Logger Ini Path:E:\MDSHWDAPP\MDSHWD\RSIApp\AppIniFile\AppLayerIni\AppLayerLogSetting\RSIHWDLOG.INI
7/11/2014|4:24:09 PM|Info|RSI HWD Setting:E:\MDSHWDAPP\MDSHWD\RSIApp\AppIniFile\AppLayerIni\AppLayerParamSetting\RSIHWDCFG.INI
7/11/2014|4:24:09 PM|Info|RSI Code Setting:E:\MDSHWDAPP\MDSHWD\RSIApp\AppIniFile\AppLayerIni\AppLayerParamSetting\RSISTATECODE.INI
7/11/2014|4:24:09 PM|Info|== RSI Hardware Setting ==
7/11/2014|4:24:09 PM|Info|Enable RSI=True
7/11/2014|4:24:09 PM|Info|RSI No of Comport=1
7/11/2014|4:24:09 PM|Info|Comport 1=5
7/11/2014|4:24:09 PM|Info|Baudrate=9600
7/11/2014|4:24:09 PM|Info|Parity=0
7/11/2014|4:24:09 PM|Info|Databits=8
7/11/2014|4:24:09 PM|Info|Stopbits=1
7/11/2014|4:24:09 PM|Info|Comport 2=6
7/11/2014|4:24:09 PM|Info|Baudrate=9600
7/11/2014|4:24:09 PM|Info|Parity=0
7/11/2014|4:24:09 PM|Info|Databits=8
7/11/2014|4:24:09 PM|Info|Stopbits=1
7/11/2014|4:24:09 PM|Info|== RSI Hardware Setting End==
7/11/2014|4:24:09 PM|Info|Read RSI Lookup Data Setting OK
7/11/2014|4:24:09 PM|Erro|Error in InitRSICommunication:The port 'COM5' does not exist.
7/11/2014|4:24:09 PM|Info|RaiseEvent EvtDeviceError
7/11/2014|4:24:09 PM|Erro|RSI - StartDevice Failed
7/11/2014|4:24:09 PM|Info|RSI Light 2 - Trigger ON=True
7/11/2014|4:40:38 PM|Info|Log Start
7/11/2014|4:40:38 PM|Info|== RSI HWD Class Init Ok ==
7/11/2014|4:40:38 PM|Info|Logger Ini Path:E:\MDSHWDAPP\MDSHWD\RSIApp\AppIniFile\AppLayerIni\AppLayerLogSetting\RSIHWDLOG.INI
7/11/2014|4:40:38 PM|Info|RSI HWD Setting:E:\MDSHWDAPP\MDSHWD\RSIApp\AppIniFile\AppLayerIni\AppLayerParamSetting\RSIHWDCFG.INI
7/11/2014|4:40:38 PM|Info|RSI Code Setting:E:\MDSHWDAPP\MDSHWD\RSIApp\AppIniFile\AppLayerIni\AppLayerParamSetting\RSISTATECODE.INI
7/11/2014|4:40:38 PM|Info|== RSI Hardware Setting ==
7/11/2014|4:40:38 PM|Info|Enable RSI=True
7/11/2014|4:40:38 PM|Info|RSI No of Comport=1
7/11/2014|4:40:38 PM|Info|Comport 1=5
7/11/2014|4:40:38 PM|Info|Baudrate=9600
7/11/2014|4:40:38 PM|Info|Parity=0
7/11/2014|4:40:38 PM|Info|Databits=8
7/11/2014|4:40:38 PM|Info|Stopbits=1
7/11/2014|4:40:38 PM|Info|Comport 2=6
7/11/2014|4:40:38 PM|Info|Baudrate=9600
7/11/2014|4:40:38 PM|Info|Parity=0
7/11/2014|4:40:38 PM|Info|Databits=8
7/11/2014|4:40:38 PM|Info|Stopbits=1
7/11/2014|4:40:38 PM|Info|== RSI Hardware Setting End==
7/11/2014|4:40:38 PM|Info|Read RSI Lookup Data Setting OK
7/11/2014|4:40:38 PM|Erro|Error in InitRSICommunication:The port 'COM5' does not exist.
7/11/2014|4:40:38 PM|Info|RaiseEvent EvtDeviceError
7/11/2014|4:40:38 PM|Erro|RSI - StartDevice Failed
7/11/2014|4:40:39 PM|Info|RSI Light 2 - Trigger ON=True
7/11/2014|4:40:54 PM|Info|Log Start
7/11/2014|4:40:54 PM|Info|== RSI HWD Class Init Ok ==
7/11/2014|4:40:54 PM|Info|Logger Ini Path:E:\MDSHWDAPP\MDSHWD\RSIApp\AppIniFile\AppLayerIni\AppLayerLogSetting\RSIHWDLOG.INI
7/11/2014|4:40:54 PM|Info|RSI HWD Setting:E:\MDSHWDAPP\MDSHWD\RSIApp\AppIniFile\AppLayerIni\AppLayerParamSetting\RSIHWDCFG.INI
7/11/2014|4:40:54 PM|Info|RSI Code Setting:E:\MDSHWDAPP\MDSHWD\RSIApp\AppIniFile\AppLayerIni\AppLayerParamSetting\RSISTATECODE.INI
7/11/2014|4:40:54 PM|Info|== RSI Hardware Setting ==
7/11/2014|4:40:54 PM|Info|Enable RSI=True
7/11/2014|4:40:54 PM|Info|RSI No of Comport=1
7/11/2014|4:40:54 PM|Info|Comport 1=5
7/11/2014|4:40:54 PM|Info|Baudrate=9600
7/11/2014|4:40:54 PM|Info|Parity=0
7/11/2014|4:40:54 PM|Info|Databits=8
7/11/2014|4:40:54 PM|Info|Stopbits=1
7/11/2014|4:40:54 PM|Info|Comport 2=6
7/11/2014|4:40:54 PM|Info|Baudrate=9600
7/11/2014|4:40:54 PM|Info|Parity=0
7/11/2014|4:40:54 PM|Info|Databits=8
7/11/2014|4:40:54 PM|Info|Stopbits=1
7/11/2014|4:40:54 PM|Info|== RSI Hardware Setting End==
7/11/2014|4:40:54 PM|Info|Read RSI Lookup Data Setting OK
7/11/2014|4:40:54 PM|Erro|Error in InitRSICommunication:The port 'COM5' does not exist.
7/11/2014|4:40:54 PM|Info|RaiseEvent EvtDeviceError
7/11/2014|4:40:54 PM|Erro|RSI - StartDevice Failed
7/11/2014|4:40:55 PM|Info|RSI Light 2 - Trigger ON=True
7/11/2014|4:56:34 PM|Info|Log Start
7/11/2014|4:56:34 PM|Info|== RSI HWD Class Init Ok ==
7/11/2014|4:56:34 PM|Info|Logger Ini Path:E:\MDSHWDAPP\MDSHWD\RSIApp\AppIniFile\AppLayerIni\AppLayerLogSetting\RSIHWDLOG.INI
7/11/2014|4:56:34 PM|Info|RSI HWD Setting:E:\MDSHWDAPP\MDSHWD\RSIApp\AppIniFile\AppLayerIni\AppLayerParamSetting\RSIHWDCFG.INI
7/11/2014|4:56:34 PM|Info|RSI Code Setting:E:\MDSHWDAPP\MDSHWD\RSIApp\AppIniFile\AppLayerIni\AppLayerParamSetting\RSISTATECODE.INI
7/11/2014|4:56:34 PM|Info|== RSI Hardware Setting ==
7/11/2014|4:56:34 PM|Info|Enable RSI=True
7/11/2014|4:56:34 PM|Info|RSI No of Comport=1
7/11/2014|4:56:34 PM|Info|Comport 1=5
7/11/2014|4:56:34 PM|Info|Baudrate=9600
7/11/2014|4:56:34 PM|Info|Parity=0
7/11/2014|4:56:34 PM|Info|Databits=8
7/11/2014|4:56:34 PM|Info|Stopbits=1
7/11/2014|4:56:34 PM|Info|Comport 2=6
7/11/2014|4:56:34 PM|Info|Baudrate=9600
7/11/2014|4:56:34 PM|Info|Parity=0
7/11/2014|4:56:34 PM|Info|Databits=8
7/11/2014|4:56:34 PM|Info|Stopbits=1
7/11/2014|4:56:34 PM|Info|== RSI Hardware Setting End==
7/11/2014|4:56:34 PM|Info|Read RSI Lookup Data Setting OK
7/11/2014|4:56:34 PM|Erro|Error in InitRSICommunication:The port 'COM5' does not exist.
7/11/2014|4:56:34 PM|Info|RaiseEvent EvtDeviceError
7/11/2014|4:56:34 PM|Erro|RSI - StartDevice Failed
7/11/2014|4:56:35 PM|Info|RSI Light 2 - Trigger ON=True
