7/11/2014|11:29:56 AM|Info|Log Start
7/11/2014|11:29:56 AM|Info|RSI Main App Init
7/11/2014|11:29:56 AM|Info|Logger INI Path:E:\MDSHWDAPP\MDSHWD\RSIApp\AppIniFile\AppLayerIni\AppLayerLogSetting\RSIMAINAPPLOG.INI
7/11/2014|11:29:56 AM|Info|App HSK INI Path:E:\MDSHWDAPP\MDSHWD\RSIApp\AppIniFile\AppHSKCFG.ini
7/11/2014|11:29:56 AM|Info|App Mode Path:E:\MDSHWDAPP\MDSHWD\RSIApp\AppIniFile\AppCFG.ini
7/11/2014|11:29:56 AM|Info|AutoHSKLog: HskDate Delete Log File before:5/12/2014 Housekeeping routines day:60
7/11/2014|11:29:56 AM|Info|AutoHSKLog:Total Log Folder Deleted:0
7/11/2014|11:29:56 AM|Info|App Mode =0
7/11/2014|11:29:58 AM|Info|RSI Main Menu - Exit
7/11/2014|11:29:58 AM|Info|Log End
7/11/2014|11:50:10 AM|Info|Log Start
7/11/2014|11:50:10 AM|Info|RSI Main App Init
7/11/2014|11:50:10 AM|Info|Logger INI Path:E:\MDSHWDAPP\MDSHWD\RSIApp\AppIniFile\AppLayerIni\AppLayerLogSetting\RSIMAINAPPLOG.INI
7/11/2014|11:50:10 AM|Info|App HSK INI Path:E:\MDSHWDAPP\MDSHWD\RSIApp\AppIniFile\AppHSKCFG.ini
7/11/2014|11:50:10 AM|Info|App Mode Path:E:\MDSHWDAPP\MDSHWD\RSIApp\AppIniFile\AppCFG.ini
7/11/2014|11:50:10 AM|Info|AutoHSKLog: HskDate Delete Log File before:5/12/2014 Housekeeping routines day:60
7/11/2014|11:50:10 AM|Info|AutoHSKLog:Total Log Folder Deleted:0
7/11/2014|11:50:10 AM|Info|App Mode =0
7/11/2014|11:50:12 AM|Info|RSI Main Menu - Exit
7/11/2014|11:50:12 AM|Info|Log End
7/11/2014|11:53:23 AM|Info|Log Start
7/11/2014|11:53:23 AM|Info|RSI Main App Init
7/11/2014|11:53:23 AM|Info|Logger INI Path:E:\MDSHWDAPP\MDSHWD\RSIApp\AppIniFile\AppLayerIni\AppLayerLogSetting\RSIMAINAPPLOG.INI
7/11/2014|11:53:23 AM|Info|App HSK INI Path:E:\MDSHWDAPP\MDSHWD\RSIApp\AppIniFile\AppHSKCFG.ini
7/11/2014|11:53:23 AM|Info|App Mode Path:E:\MDSHWDAPP\MDSHWD\RSIApp\AppIniFile\AppCFG.ini
7/11/2014|11:53:23 AM|Info|AutoHSKLog: HskDate Delete Log File before:5/12/2014 Housekeeping routines day:60
7/11/2014|11:53:23 AM|Info|AutoHSKLog:Total Log Folder Deleted:0
7/11/2014|11:53:23 AM|Info|App Mode =0
7/11/2014|11:53:26 AM|Info|RSI Main Menu - Exit
7/11/2014|11:53:26 AM|Info|Log End
7/11/2014|11:53:27 AM|Info|Log Start
7/11/2014|11:53:27 AM|Info|RSI Main App Init
7/11/2014|11:53:27 AM|Info|Logger INI Path:E:\MDSHWDAPP\MDSHWD\RSIApp\AppIniFile\AppLayerIni\AppLayerLogSetting\RSIMAINAPPLOG.INI
7/11/2014|11:53:27 AM|Info|App HSK INI Path:E:\MDSHWDAPP\MDSHWD\RSIApp\AppIniFile\AppHSKCFG.ini
7/11/2014|11:53:27 AM|Info|App Mode Path:E:\MDSHWDAPP\MDSHWD\RSIApp\AppIniFile\AppCFG.ini
7/11/2014|11:53:27 AM|Info|AutoHSKLog: HskDate Delete Log File before:5/12/2014 Housekeeping routines day:60
7/11/2014|11:53:27 AM|Info|AutoHSKLog:Total Log Folder Deleted:0
7/11/2014|11:53:27 AM|Info|App Mode =0
7/11/2014|11:53:28 AM|Info|RSI Diagnostic Mode Selected - Engineer
7/11/2014|11:53:28 AM|Info|== Start RSI Diagnostic Mode ==
7/11/2014|11:53:30 AM|Info|== Start RSI Setting ==
7/11/2014|11:53:32 AM|Info|== End RSI Setting ==
7/11/2014|11:53:33 AM|Info|RSI Diagnostic Menu - Exit
7/11/2014|11:53:33 AM|Info|== End RSI Diagnostic Mode ==
7/11/2014|11:53:34 AM|Info|RSI System Maintenance Mode Selected
7/11/2014|11:53:34 AM|Info|== Start RSI System Mode ==
7/11/2014|11:53:36 AM|Info|== End RSI System Mode ==
7/11/2014|11:53:37 AM|Info|RSI Main Menu - Exit
7/11/2014|11:53:37 AM|Info|Log End
7/11/2014|12:13:56 PM|Info|Log Start
7/11/2014|12:13:56 PM|Info|RSI Main App Init
7/11/2014|12:13:56 PM|Info|Logger INI Path:E:\MDSHWDAPP\MDSHWD\RSIApp\AppIniFile\AppLayerIni\AppLayerLogSetting\RSIMAINAPPLOG.INI
7/11/2014|12:13:56 PM|Info|App HSK INI Path:E:\MDSHWDAPP\MDSHWD\RSIApp\AppIniFile\AppHSKCFG.ini
7/11/2014|12:13:56 PM|Info|App Mode Path:E:\MDSHWDAPP\MDSHWD\RSIApp\AppIniFile\AppCFG.ini
7/11/2014|12:13:56 PM|Info|AutoHSKLog: HskDate Delete Log File before:5/12/2014 Housekeeping routines day:60
7/11/2014|12:13:56 PM|Info|AutoHSKLog:Total Log Folder Deleted:0
7/11/2014|12:13:56 PM|Info|App Mode =0
7/11/2014|12:13:57 PM|Info|RSI Diagnostic Mode Selected - Engineer
7/11/2014|12:13:57 PM|Info|== Start RSI Diagnostic Mode ==
7/11/2014|12:13:59 PM|Info|== Start RSI Setting ==
7/11/2014|12:14:00 PM|Info|== End RSI Setting ==
7/11/2014|12:14:01 PM|Info|RSI Diagnostic Menu - Exit
7/11/2014|12:14:01 PM|Info|== End RSI Diagnostic Mode ==
7/11/2014|12:14:02 PM|Info|RSI Main Menu - Exit
7/11/2014|12:14:02 PM|Info|Log End
7/11/2014|12:14:10 PM|Info|Log Start
7/11/2014|12:14:10 PM|Info|RSI Main App Init
7/11/2014|12:14:10 PM|Info|Logger INI Path:E:\MDSHWDAPP\MDSHWD\RSIApp\AppIniFile\AppLayerIni\AppLayerLogSetting\RSIMAINAPPLOG.INI
7/11/2014|12:14:10 PM|Info|App HSK INI Path:E:\MDSHWDAPP\MDSHWD\RSIApp\AppIniFile\AppHSKCFG.ini
7/11/2014|12:14:10 PM|Info|App Mode Path:E:\MDSHWDAPP\MDSHWD\RSIApp\AppIniFile\AppCFG.ini
7/11/2014|12:14:10 PM|Info|AutoHSKLog: HskDate Delete Log File before:5/12/2014 Housekeeping routines day:60
7/11/2014|12:14:10 PM|Info|AutoHSKLog:Total Log Folder Deleted:0
7/11/2014|12:14:10 PM|Info|App Mode =0
7/11/2014|12:14:12 PM|Info|RSI Main Menu - Exit
7/11/2014|12:14:12 PM|Info|Log End
