6/5/2014|4:06:44 PM|Info|Log Start
6/5/2014|4:06:44 PM|Info|RSI Main App Init Ok
6/5/2014|4:06:44 PM|Info|Logger INI Path:E:\MDSHWDAPP\MDSHWD\RSIApp\AppIniFile\AppLayerIni\AppLayerLogSetting\RSIMAINAPPLOG.INI
6/5/2014|4:06:44 PM|Info|AutoHSKLog: HskDate Delete Log File before:4/6/2014 Housekeeping routines day:60
6/5/2014|4:06:44 PM|Info|AutoHSKLog:Total Log Folder Deleted:0
6/5/2014|4:06:45 PM|Info|Log End
6/5/2014|4:33:29 PM|Info|Log Start
6/5/2014|4:33:29 PM|Info|RSI Main App Init Ok
6/5/2014|4:33:29 PM|Info|Logger INI Path:E:\MDSHWDAPP\MDSHWD\RSIApp\AppIniFile\AppLayerIni\AppLayerLogSetting\RSIMAINAPPLOG.INI
6/5/2014|4:33:29 PM|Info|AutoHSKLog: HskDate Delete Log File before:4/6/2014 Housekeeping routines day:60
6/5/2014|4:33:29 PM|Info|AutoHSKLog:Total Log Folder Deleted:0
6/5/2014|4:33:31 PM|Info|StartDevice - Init RSI Failed
6/5/2014|4:33:34 PM|Info|StopDevice - RSI Successfully
6/5/2014|4:33:40 PM|Info|Log End
6/5/2014|4:49:45 PM|Info|Log Start
6/5/2014|4:49:45 PM|Info|RSI Main App Init Ok
6/5/2014|4:49:45 PM|Info|Logger INI Path:E:\MDSHWDAPP\MDSHWD\RSIApp\AppIniFile\AppLayerIni\AppLayerLogSetting\RSIMAINAPPLOG.INI
6/5/2014|4:49:45 PM|Info|AutoHSKLog: HskDate Delete Log File before:4/6/2014 Housekeeping routines day:60
6/5/2014|4:49:45 PM|Info|AutoHSKLog:Total Log Folder Deleted:0
6/5/2014|4:49:46 PM|Info|StartDevice - Init RSI Failed
6/5/2014|4:49:48 PM|Info|Log End
6/5/2014|4:50:04 PM|Info|Log Start
6/5/2014|4:50:04 PM|Info|RSI Main App Init Ok
6/5/2014|4:50:04 PM|Info|Logger INI Path:E:\MDSHWDAPP\MDSHWD\RSIApp\AppIniFile\AppLayerIni\AppLayerLogSetting\RSIMAINAPPLOG.INI
6/5/2014|4:50:04 PM|Info|AutoHSKLog: HskDate Delete Log File before:4/6/2014 Housekeeping routines day:60
6/5/2014|4:50:04 PM|Info|AutoHSKLog:Total Log Folder Deleted:0
6/5/2014|4:50:06 PM|Info|Err in InitDisplay. ErrInfo:Object reference not set to an instance of an object.
6/5/2014|4:50:10 PM|Info|StartDevice - Init RSI Failed
6/5/2014|4:50:32 PM|Info|Log End
6/5/2014|4:51:09 PM|Info|Log Start
6/5/2014|4:51:09 PM|Info|RSI Main App Init Ok
6/5/2014|4:51:09 PM|Info|Logger INI Path:E:\MDSHWDAPP\MDSHWD\RSIApp\AppIniFile\AppLayerIni\AppLayerLogSetting\RSIMAINAPPLOG.INI
6/5/2014|4:51:09 PM|Info|AutoHSKLog: HskDate Delete Log File before:4/6/2014 Housekeeping routines day:60
6/5/2014|4:51:09 PM|Info|AutoHSKLog:Total Log Folder Deleted:0
6/5/2014|4:51:10 PM|Info|StartDevice - Init RSI Failed
6/5/2014|4:51:30 PM|Info|Log End
6/5/2014|5:06:51 PM|Info|Log Start
6/5/2014|5:06:51 PM|Info|RSI Main App Init Ok
6/5/2014|5:06:51 PM|Info|Logger INI Path:E:\MDSHWDAPP\MDSHWD\RSIApp\AppIniFile\AppLayerIni\AppLayerLogSetting\RSIMAINAPPLOG.INI
6/5/2014|5:06:51 PM|Info|AutoHSKLog: HskDate Delete Log File before:4/6/2014 Housekeeping routines day:60
6/5/2014|5:06:51 PM|Info|AutoHSKLog:Total Log Folder Deleted:0
6/5/2014|5:06:53 PM|Info|StartDevice - Init RSI Failed
6/5/2014|5:06:57 PM|Erro|Update RSI Setting Successfully
6/5/2014|5:07:11 PM|Erro|Update RSI Setting Successfully
6/5/2014|5:07:16 PM|Info|Log End
6/5/2014|5:07:44 PM|Info|Log Start
6/5/2014|5:07:44 PM|Info|RSI Main App Init Ok
6/5/2014|5:07:44 PM|Info|Logger INI Path:E:\MDSHWDAPP\MDSHWD\RSIApp\AppIniFile\AppLayerIni\AppLayerLogSetting\RSIMAINAPPLOG.INI
6/5/2014|5:07:44 PM|Info|AutoHSKLog: HskDate Delete Log File before:4/6/2014 Housekeeping routines day:60
6/5/2014|5:07:44 PM|Info|AutoHSKLog:Total Log Folder Deleted:0
6/5/2014|5:07:46 PM|Info|Err in InitDisplay. ErrInfo:Object reference not set to an instance of an object.
6/5/2014|5:07:54 PM|Erro|Update RSI Setting Failed
6/5/2014|5:07:58 PM|Info|StartDevice - Init RSI Failed
6/5/2014|5:08:11 PM|Erro|Update RSI Setting Successfully
6/5/2014|5:08:19 PM|Info|Log End
