3/28/2017|7:57:08 AM|Info|Log Start
3/28/2017|7:57:08 AM|Info|CARD READER Layer Class Init Ok
3/28/2017|7:57:08 AM|Info|Logger INI Path:E:\MDSHWDAPP\MDSHWD\CardReaderApp\AppIniFile\AppLayerIni\AppLayerLogSetting\CRHWDLOG.INI
3/28/2017|7:57:08 AM|Info|CARD READER HWD INI PATH:E:\MDSHWDAPP\MDSHWD\CardReaderApp\AppIniFile\AppLayerIni\AppLayerParamSetting\CARDREADERHWDCFG.INI
3/28/2017|7:57:08 AM|Info|Read CARDREADER HWD CFG Info OK
3/28/2017|7:57:08 AM|Info|CARDREADER Enable:True
3/28/2017|7:57:08 AM|Info|CARDREADER COMPortNum:1
3/28/2017|7:57:08 AM|Info|CARDREADER COMBoundRate:38400
3/28/2017|7:57:08 AM|Info|CARDREADER CheckCMDTimeout:30
3/28/2017|7:57:08 AM|Info|CARDREADER CheckTimeout:3
3/28/2017|7:57:08 AM|Info|CARDREADER EjectTimeout:10
3/28/2017|7:57:08 AM|Info|CARDREADER MaxCaptureCount:0
3/28/2017|7:57:08 AM|Info|CARDREADER SAMPinPath:E:\MDSHWDAPP\MDSHWD\CardReaderApp\PSAM\PSAMID.ini
3/28/2017|7:57:08 AM|Info|CARD READER ERROR CODE INI PATH:E:\MDSHWDAPP\MDSHWD\CardReaderApp\AppIniFile\AppLayerIni\AppLayerParamSetting\CARDREADERSTATECODE.INI
3/28/2017|7:57:08 AM|Info|Read CARDREADER ERRORCODE CFG Info OK
3/28/2017|7:57:08 AM|Info|CARDREADER NOERROR:0
3/28/2017|7:57:08 AM|Info|CARDREADER CAPTURETIMEOUT:1
3/28/2017|7:57:08 AM|Info|CARDREADER CAPTUREJAM:2
3/28/2017|7:57:08 AM|Info|CARDREADER UPDATEERROR:3
3/28/2017|7:57:08 AM|Info|CARDREADER INVLDTRACK:4
3/28/2017|7:57:08 AM|Info|Read clsReadCARDREADERDeviceNDCCode Info OK
3/28/2017|7:57:08 AM|Info|PSAMKEYValue=AA|AA|AA|AA|AA|AA|AA|AA
3/28/2017|7:57:08 AM|Info|PSAMID Read Success
3/28/2017|7:57:08 AM|Info|Read CARDREADER HWD CFG Info OK
3/28/2017|7:57:08 AM|Info|CARDREADER Enable:True
3/28/2017|7:57:08 AM|Info|CARDREADER COMPortNum:1
3/28/2017|7:57:08 AM|Info|CARDREADER COMBoundRate:38400
3/28/2017|7:57:08 AM|Info|CARDREADER CheckCMDTimeout:30
3/28/2017|7:57:08 AM|Info|CARDREADER CheckTimeout:3
3/28/2017|7:57:08 AM|Info|CARDREADER EjectTimeout:10
3/28/2017|7:57:08 AM|Info|CARDREADER MaxCaptureCount:0
3/28/2017|7:57:08 AM|Info|CARDREADER SAMPinPath:E:\MDSHWDAPP\MDSHWD\CardReaderApp\PSAM\PSAMID.ini
3/28/2017|7:57:11 AM|Info|Connect Card Reader Device Error = 103-CANNOT_OPEN_PORT_ERROR
