3/28/2017|7:57:11 AM|Info|Log Start
3/28/2017|7:57:11 AM|Info|Receipt Printer Layer Class Init Ok
3/28/2017|7:57:11 AM|Info|Logger INI Path:E:\MDSHWDAPP\MDSHWD\ReceiptPrinterApp\AppIniFile\AppLayerIni\AppLayerLogSetting\PRINTERHWDLOG.INI
3/28/2017|7:57:11 AM|Info|Receipt Printer HWD INI PATH:E:\MDSHWDAPP\MDSHWD\ReceiptPrinterApp\AppIniFile\AppLayerIni\AppLayerParamSetting\PRINTERHWDCFG.INI
3/28/2017|7:57:11 AM|Info|Receipt Printer Properties INI PATH:E:\MDSHWDAPP\MDSHWD\ReceiptPrinterApp\AppIniFile\AppLayerIni\AppLayerParamSetting\PRINTERSTATECODE.INI
3/28/2017|7:57:11 AM|Info|Receipt Printer Lookup Data INI PATH:E:\MDSHWDAPP\MDSHWD\ReceiptPrinterApp\AppIniFile\AppLayerIni\AppLayerParamSetting\RECEIPTSETTING.INI
3/28/2017|7:57:11 AM|Info|Read CUSTOM Printer Hardware Setting OK
3/28/2017|7:57:11 AM|Info|Custom Printer Name:Custom VKP80II (200dpi)
3/28/2017|7:57:11 AM|Info|Left Margin:10
3/28/2017|7:57:11 AM|Info|Top Margin:0
3/28/2017|7:57:11 AM|Info|Bottom Margin:0
3/28/2017|7:57:11 AM|Info|Right Margin:10
3/28/2017|7:57:11 AM|Info|Bypass Unknown Printer Status:True
3/28/2017|7:57:11 AM|Info|Paper Ok Value:8388608,2147483648,0
3/28/2017|7:57:11 AM|Info|Paper Jammed Value:8388609,1,419430,4194336
3/28/2017|7:57:11 AM|Info|Paper Low Value:8388612,4,2147483680,2158679008
3/28/2017|7:57:11 AM|Info|Paper Out Value:8388609,1,5,2147483649
3/28/2017|7:57:11 AM|Info|Printer DW Value:280
3/28/2017|7:57:11 AM|Info|Read Printer Properties Setting OK
3/28/2017|7:57:11 AM|Info|Read Receipt Printer Lookup Data Setting OK
3/28/2017|7:57:11 AM|Info|Read Receipt Printer HWD CFG Info OK
3/28/2017|7:57:13 AM|Info|InitPrinterConnection dwReturn Value =0
3/28/2017|7:57:13 AM|Info|Printer Status: Offline
