7/11/2014|10:00:50 AM|Info|Log Start
7/11/2014|10:00:50 AM|Info|EPP Hookup Class Init Ok
7/11/2014|10:00:50 AM|Info|EPP Hookup Log Path:E:\MDSHWDAPP\MDSHWD\KeypadApp\AppIniFile\AppLayerIni\AppLayerLogSetting\EPPHookupLOG.INI
7/11/2014|10:00:50 AM|Info|Read Keypad Hardware Setting Ok
7/11/2014|10:00:50 AM|Info|Init Keypad Hardware Ok
7/11/2014|10:00:50 AM|Erro|Init Keypad Device Failed
7/11/2014|10:00:50 AM|Warn|Raise event in Keypad: EvtDeviceError
7/11/2014|10:00:52 AM|Info|WrapDevice iDeviceTrace ID:Q11072014100052
7/11/2014|10:29:01 AM|Info|Log Start
7/11/2014|10:29:01 AM|Info|EPP Hookup Class Init Ok
7/11/2014|10:29:01 AM|Info|EPP Hookup Log Path:E:\MDSHWDAPP\MDSHWD\KeypadApp\AppIniFile\AppLayerIni\AppLayerLogSetting\EPPHookupLOG.INI
7/11/2014|10:29:01 AM|Info|Read Keypad Hardware Setting Ok
7/11/2014|10:29:01 AM|Info|Init Keypad Hardware Ok
7/11/2014|10:29:01 AM|Erro|Init Keypad Device Failed
7/11/2014|10:29:01 AM|Warn|Raise event in Keypad: EvtDeviceError
7/11/2014|10:29:01 AM|Info|WrapDevice iDeviceTrace ID:Q11072014102901
7/11/2014|10:33:37 AM|Info|Log Start
7/11/2014|10:33:37 AM|Info|EPP Hookup Class Init Ok
7/11/2014|10:33:37 AM|Info|EPP Hookup Log Path:E:\MDSHWDAPP\MDSHWD\KeypadApp\AppIniFile\AppLayerIni\AppLayerLogSetting\EPPHookupLOG.INI
7/11/2014|10:33:37 AM|Info|Read Keypad Hardware Setting Ok
7/11/2014|10:33:37 AM|Info|Init Keypad Hardware Ok
7/11/2014|10:33:37 AM|Erro|Init Keypad Device Failed
7/11/2014|10:33:37 AM|Warn|Raise event in Keypad: EvtDeviceError
7/11/2014|10:33:38 AM|Info|WrapDevice iDeviceTrace ID:Q11072014103338
7/11/2014|10:39:27 AM|Info|Log Start
7/11/2014|10:39:27 AM|Info|EPP Hookup Class Init Ok
7/11/2014|10:39:27 AM|Info|EPP Hookup Log Path:E:\MDSHWDAPP\MDSHWD\KeypadApp\AppIniFile\AppLayerIni\AppLayerLogSetting\EPPHookupLOG.INI
7/11/2014|10:39:27 AM|Info|Read Keypad Hardware Setting Ok
7/11/2014|10:39:27 AM|Info|Init Keypad Hardware Ok
7/11/2014|10:39:27 AM|Erro|Init Keypad Device Failed
7/11/2014|10:39:27 AM|Warn|Raise event in Keypad: EvtDeviceError
7/11/2014|10:39:28 AM|Info|WrapDevice iDeviceTrace ID:Q11072014103928
7/11/2014|12:00:01 PM|Info|Log Start
7/11/2014|12:00:01 PM|Info|EPP Hookup Class Init Ok
7/11/2014|12:00:01 PM|Info|EPP Hookup Log Path:E:\MDSHWDAPP\MDSHWD\KeypadApp\AppIniFile\AppLayerIni\AppLayerLogSetting\EPPHookupLOG.INI
7/11/2014|12:00:01 PM|Info|Read Keypad Hardware Setting Ok
7/11/2014|12:00:01 PM|Info|Init Keypad Hardware Ok
7/11/2014|12:04:13 PM|Info|Log Start
7/11/2014|12:04:13 PM|Info|EPP Hookup Class Init Ok
7/11/2014|12:04:13 PM|Info|EPP Hookup Log Path:E:\MDSHWDAPP\MDSHWD\KeypadApp\AppIniFile\AppLayerIni\AppLayerLogSetting\EPPHookupLOG.INI
7/11/2014|12:04:13 PM|Info|Read Keypad Hardware Setting Ok
7/11/2014|12:04:13 PM|Info|Init Keypad Hardware Ok
7/11/2014|12:13:26 PM|Info|Log Start
7/11/2014|12:13:26 PM|Info|EPP Hookup Class Init Ok
7/11/2014|12:13:26 PM|Info|EPP Hookup Log Path:E:\MDSHWDAPP\MDSHWD\KeypadApp\AppIniFile\AppLayerIni\AppLayerLogSetting\EPPHookupLOG.INI
7/11/2014|12:13:26 PM|Info|Read Keypad Hardware Setting Ok
7/11/2014|12:13:26 PM|Info|Init Keypad Hardware Ok
7/11/2014|12:24:41 PM|Info|Log Start
7/11/2014|12:24:41 PM|Info|EPP Hookup Class Init Ok
7/11/2014|12:24:41 PM|Info|EPP Hookup Log Path:E:\MDSHWDAPP\MDSHWD\KeypadApp\AppIniFile\AppLayerIni\AppLayerLogSetting\EPPHookupLOG.INI
7/11/2014|12:24:41 PM|Info|Read Keypad Hardware Setting Ok
7/11/2014|12:24:41 PM|Info|Init Keypad Hardware Ok
7/11/2014|12:24:41 PM|Erro|Init Keypad Device Failed
7/11/2014|12:24:41 PM|Warn|Raise event in Keypad: EvtDeviceError
7/11/2014|12:24:41 PM|Info|WrapDevice iDeviceTrace ID:Q11072014122441
7/11/2014|12:26:29 PM|Info|Log Start
7/11/2014|12:26:29 PM|Info|EPP Hookup Class Init Ok
7/11/2014|12:26:29 PM|Info|EPP Hookup Log Path:E:\MDSHWDAPP\MDSHWD\KeypadApp\AppIniFile\AppLayerIni\AppLayerLogSetting\EPPHookupLOG.INI
7/11/2014|12:26:29 PM|Info|Read Keypad Hardware Setting Ok
7/11/2014|12:26:29 PM|Info|Init Keypad Hardware Ok
7/11/2014|12:26:29 PM|Erro|Init Keypad Device Failed
7/11/2014|12:26:29 PM|Warn|Raise event in Keypad: EvtDeviceError
7/11/2014|12:26:29 PM|Info|WrapDevice iDeviceTrace ID:Q11072014122629
7/11/2014|12:36:07 PM|Info|Log Start
7/11/2014|12:36:07 PM|Info|EPP Hookup Class Init Ok
7/11/2014|12:36:07 PM|Info|EPP Hookup Log Path:E:\MDSHWDAPP\MDSHWD\KeypadApp\AppIniFile\AppLayerIni\AppLayerLogSetting\EPPHookupLOG.INI
7/11/2014|12:36:07 PM|Info|Read Keypad Hardware Setting Ok
7/11/2014|12:36:07 PM|Info|Init Keypad Hardware Ok
7/11/2014|12:36:07 PM|Erro|Init Keypad Device Failed
7/11/2014|12:36:07 PM|Warn|Raise event in Keypad: EvtDeviceError
7/11/2014|12:36:07 PM|Info|WrapDevice iDeviceTrace ID:Q11072014123607
7/11/2014|2:24:06 PM|Info|Log Start
7/11/2014|2:24:06 PM|Info|EPP Hookup Class Init Ok
7/11/2014|2:24:06 PM|Info|EPP Hookup Log Path:E:\MDSHWDAPP\MDSHWD\KeypadApp\AppIniFile\AppLayerIni\AppLayerLogSetting\EPPHookupLOG.INI
7/11/2014|2:24:06 PM|Info|Read Keypad Hardware Setting Ok
7/11/2014|2:24:06 PM|Info|Init Keypad Hardware Ok
7/11/2014|2:24:06 PM|Erro|Init Keypad Device Failed
7/11/2014|2:24:06 PM|Warn|Raise event in Keypad: EvtDeviceError
7/11/2014|2:24:07 PM|Info|WrapDevice iDeviceTrace ID:Q11072014142407
7/11/2014|3:14:07 PM|Info|Log Start
7/11/2014|3:14:07 PM|Info|EPP Hookup Class Init Ok
7/11/2014|3:14:07 PM|Info|EPP Hookup Log Path:E:\MDSHWDAPP\MDSHWD\KeypadApp\AppIniFile\AppLayerIni\AppLayerLogSetting\EPPHookupLOG.INI
7/11/2014|3:14:08 PM|Info|Read Keypad Hardware Setting Ok
7/11/2014|3:14:08 PM|Info|Init Keypad Hardware Ok
7/11/2014|3:14:08 PM|Erro|Init Keypad Device Failed
7/11/2014|3:14:08 PM|Warn|Raise event in Keypad: EvtDeviceError
7/11/2014|3:14:08 PM|Info|WrapDevice iDeviceTrace ID:Q11072014151408
7/11/2014|3:35:27 PM|Info|Log Start
7/11/2014|3:35:27 PM|Info|EPP Hookup Class Init Ok
7/11/2014|3:35:27 PM|Info|EPP Hookup Log Path:E:\MDSHWDAPP\MDSHWD\KeypadApp\AppIniFile\AppLayerIni\AppLayerLogSetting\EPPHookupLOG.INI
7/11/2014|3:35:27 PM|Info|Read Keypad Hardware Setting Ok
7/11/2014|3:35:27 PM|Info|Init Keypad Hardware Ok
7/11/2014|3:35:27 PM|Erro|Init Keypad Device Failed
7/11/2014|3:35:27 PM|Warn|Raise event in Keypad: EvtDeviceError
7/11/2014|3:35:28 PM|Info|WrapDevice iDeviceTrace ID:Q11072014153528
7/11/2014|3:36:36 PM|Info|Log Start
7/11/2014|3:36:36 PM|Info|EPP Hookup Class Init Ok
7/11/2014|3:36:36 PM|Info|EPP Hookup Log Path:E:\MDSHWDAPP\MDSHWD\KeypadApp\AppIniFile\AppLayerIni\AppLayerLogSetting\EPPHookupLOG.INI
7/11/2014|3:36:36 PM|Info|Read Keypad Hardware Setting Ok
7/11/2014|3:36:36 PM|Info|Init Keypad Hardware Ok
7/11/2014|3:36:37 PM|Erro|Init Keypad Device Failed
7/11/2014|3:36:37 PM|Warn|Raise event in Keypad: EvtDeviceError
7/11/2014|3:36:37 PM|Info|WrapDevice iDeviceTrace ID:Q11072014153637
7/11/2014|3:49:07 PM|Info|Log Start
7/11/2014|3:49:07 PM|Info|EPP Hookup Class Init Ok
7/11/2014|3:49:07 PM|Info|EPP Hookup Log Path:E:\MDSHWDAPP\MDSHWD\KeypadApp\AppIniFile\AppLayerIni\AppLayerLogSetting\EPPHookupLOG.INI
7/11/2014|3:49:07 PM|Info|Read Keypad Hardware Setting Ok
7/11/2014|3:49:07 PM|Info|Init Keypad Hardware Ok
7/11/2014|3:49:07 PM|Erro|Init Keypad Device Failed
7/11/2014|3:49:07 PM|Warn|Raise event in Keypad: EvtDeviceError
7/11/2014|3:49:07 PM|Info|WrapDevice iDeviceTrace ID:Q11072014154907
7/11/2014|3:49:23 PM|Info|Log Start
7/11/2014|3:49:23 PM|Info|EPP Hookup Class Init Ok
7/11/2014|3:49:23 PM|Info|EPP Hookup Log Path:E:\MDSHWDAPP\MDSHWD\KeypadApp\AppIniFile\AppLayerIni\AppLayerLogSetting\EPPHookupLOG.INI
7/11/2014|3:49:23 PM|Info|Read Keypad Hardware Setting Ok
7/11/2014|3:49:23 PM|Info|Init Keypad Hardware Ok
7/11/2014|3:49:23 PM|Erro|Init Keypad Device Failed
7/11/2014|3:49:23 PM|Warn|Raise event in Keypad: EvtDeviceError
7/11/2014|3:49:23 PM|Info|WrapDevice iDeviceTrace ID:Q11072014154923
7/11/2014|4:23:49 PM|Info|Log Start
7/11/2014|4:23:49 PM|Info|EPP Hookup Class Init Ok
7/11/2014|4:23:49 PM|Info|EPP Hookup Log Path:E:\MDSHWDAPP\MDSHWD\KeypadApp\AppIniFile\AppLayerIni\AppLayerLogSetting\EPPHookupLOG.INI
7/11/2014|4:23:49 PM|Info|Read Keypad Hardware Setting Ok
7/11/2014|4:23:49 PM|Info|Init Keypad Hardware Ok
7/11/2014|4:23:49 PM|Erro|Init Keypad Device Failed
7/11/2014|4:23:49 PM|Warn|Raise event in Keypad: EvtDeviceError
7/11/2014|4:23:50 PM|Info|WrapDevice iDeviceTrace ID:Q11072014162350
7/11/2014|4:24:09 PM|Info|Log Start
7/11/2014|4:24:09 PM|Info|EPP Hookup Class Init Ok
7/11/2014|4:24:09 PM|Info|EPP Hookup Log Path:E:\MDSHWDAPP\MDSHWD\KeypadApp\AppIniFile\AppLayerIni\AppLayerLogSetting\EPPHookupLOG.INI
7/11/2014|4:24:09 PM|Info|Read Keypad Hardware Setting Ok
7/11/2014|4:24:09 PM|Info|Init Keypad Hardware Ok
7/11/2014|4:24:09 PM|Erro|Init Keypad Device Failed
7/11/2014|4:24:09 PM|Warn|Raise event in Keypad: EvtDeviceError
7/11/2014|4:24:09 PM|Info|WrapDevice iDeviceTrace ID:Q11072014162409
7/11/2014|4:40:38 PM|Info|Log Start
7/11/2014|4:40:38 PM|Info|EPP Hookup Class Init Ok
7/11/2014|4:40:38 PM|Info|EPP Hookup Log Path:E:\MDSHWDAPP\MDSHWD\KeypadApp\AppIniFile\AppLayerIni\AppLayerLogSetting\EPPHookupLOG.INI
7/11/2014|4:40:38 PM|Info|Read Keypad Hardware Setting Ok
7/11/2014|4:40:38 PM|Info|Init Keypad Hardware Ok
7/11/2014|4:40:38 PM|Erro|Init Keypad Device Failed
7/11/2014|4:40:38 PM|Warn|Raise event in Keypad: EvtDeviceError
7/11/2014|4:40:39 PM|Info|WrapDevice iDeviceTrace ID:Q11072014164039
7/11/2014|4:40:54 PM|Info|Log Start
7/11/2014|4:40:54 PM|Info|EPP Hookup Class Init Ok
7/11/2014|4:40:54 PM|Info|EPP Hookup Log Path:E:\MDSHWDAPP\MDSHWD\KeypadApp\AppIniFile\AppLayerIni\AppLayerLogSetting\EPPHookupLOG.INI
7/11/2014|4:40:54 PM|Info|Read Keypad Hardware Setting Ok
7/11/2014|4:40:54 PM|Info|Init Keypad Hardware Ok
7/11/2014|4:40:54 PM|Erro|Init Keypad Device Failed
7/11/2014|4:40:54 PM|Warn|Raise event in Keypad: EvtDeviceError
7/11/2014|4:40:54 PM|Info|WrapDevice iDeviceTrace ID:Q11072014164054
7/11/2014|4:56:34 PM|Info|Log Start
7/11/2014|4:56:34 PM|Info|EPP Hookup Class Init Ok
7/11/2014|4:56:34 PM|Info|EPP Hookup Log Path:E:\MDSHWDAPP\MDSHWD\KeypadApp\AppIniFile\AppLayerIni\AppLayerLogSetting\EPPHookupLOG.INI
7/11/2014|4:56:34 PM|Info|Read Keypad Hardware Setting Ok
7/11/2014|4:56:34 PM|Info|Init Keypad Hardware Ok
7/11/2014|4:56:34 PM|Erro|Init Keypad Device Failed
7/11/2014|4:56:34 PM|Warn|Raise event in Keypad: EvtDeviceError
7/11/2014|4:56:35 PM|Info|WrapDevice iDeviceTrace ID:Q11072014165635
