7/11/2014|11:29:48 AM|Info|Log Start
7/11/2014|11:29:48 AM|Info|EPP Main App Init Ok
7/11/2014|11:29:48 AM|Info|Logger INI Path:E:\MDSHWDAPP\MDSHWD\KeypadApp\AppIniFile\AppLayerIni\AppLayerLogSetting\EPPMAINAPPLOG.INI
7/11/2014|11:29:48 AM|Info|App HSK INI Path:E:\MDSHWDAPP\MDSHWD\KeypadApp\AppIniFile\AppHSKCFG.ini
7/11/2014|11:29:48 AM|Info|App Mode Path:E:\MDSHWDAPP\MDSHWD\KeypadApp\AppIniFile\AppCFG.ini
7/11/2014|11:29:48 AM|Info|AutoHSKLog: HskDate Delete Log File before:5/12/2014 Housekeeping routines day:60
7/11/2014|11:29:48 AM|Info|AutoHSKLog:Total Log Folder Deleted:0
7/11/2014|11:29:48 AM|Info|App Mode =0
7/11/2014|11:29:49 AM|Info|Log End
7/11/2014|12:00:00 PM|Info|Log Start
7/11/2014|12:00:00 PM|Info|EPP Main App Init Ok
7/11/2014|12:00:00 PM|Info|Logger INI Path:E:\MDSHWDAPP\MDSHWD\KeypadApp\AppIniFile\AppLayerIni\AppLayerLogSetting\EPPMAINAPPLOG.INI
7/11/2014|12:00:00 PM|Info|App HSK INI Path:E:\MDSHWDAPP\MDSHWD\KeypadApp\AppIniFile\AppHSKCFG.ini
7/11/2014|12:00:00 PM|Info|App Mode Path:E:\MDSHWDAPP\MDSHWD\KeypadApp\AppIniFile\AppCFG.ini
7/11/2014|12:00:00 PM|Info|AutoHSKLog: HskDate Delete Log File before:5/12/2014 Housekeeping routines day:60
7/11/2014|12:00:00 PM|Info|AutoHSKLog:Total Log Folder Deleted:0
7/11/2014|12:00:00 PM|Info|App Mode =0
7/11/2014|12:00:01 PM|Info|Keypad Diagnostic Mode Selected - Engineer
7/11/2014|12:00:01 PM|Info|== Start Keypad Diagnostic Mode ==
7/11/2014|12:00:03 PM|Info|== Start Keypad Setting ==
7/11/2014|12:00:05 PM|Info|== End Keypad Setting ==
7/11/2014|12:00:09 PM|Info|== End Keypad Diagnostic Mode ==
7/11/2014|12:00:11 PM|Info|Log End
7/11/2014|12:04:11 PM|Info|Log Start
7/11/2014|12:04:11 PM|Info|EPP Main App Init Ok
7/11/2014|12:04:11 PM|Info|Logger INI Path:E:\MDSHWDAPP\MDSHWD\KeypadApp\AppIniFile\AppLayerIni\AppLayerLogSetting\EPPMAINAPPLOG.INI
7/11/2014|12:04:11 PM|Info|App HSK INI Path:E:\MDSHWDAPP\MDSHWD\KeypadApp\AppIniFile\AppHSKCFG.ini
7/11/2014|12:04:11 PM|Info|App Mode Path:E:\MDSHWDAPP\MDSHWD\KeypadApp\AppIniFile\AppCFG.ini
7/11/2014|12:04:11 PM|Info|AutoHSKLog: HskDate Delete Log File before:5/12/2014 Housekeeping routines day:60
7/11/2014|12:04:11 PM|Info|AutoHSKLog:Total Log Folder Deleted:0
7/11/2014|12:04:11 PM|Info|App Mode =0
7/11/2014|12:04:13 PM|Info|Keypad Diagnostic Mode Selected - Engineer
7/11/2014|12:04:13 PM|Info|== Start Keypad Diagnostic Mode ==
7/11/2014|12:04:15 PM|Info|== Start Keypad Setting ==
7/11/2014|12:04:19 PM|Info|== End Keypad Setting ==
7/11/2014|12:04:19 PM|Info|== End Keypad Diagnostic Mode ==
7/11/2014|12:04:22 PM|Info|Log End
7/11/2014|12:13:25 PM|Info|Log Start
7/11/2014|12:13:25 PM|Info|EPP Main App Init Ok
7/11/2014|12:13:25 PM|Info|Logger INI Path:E:\MDSHWDAPP\MDSHWD\KeypadApp\AppIniFile\AppLayerIni\AppLayerLogSetting\EPPMAINAPPLOG.INI
7/11/2014|12:13:25 PM|Info|App HSK INI Path:E:\MDSHWDAPP\MDSHWD\KeypadApp\AppIniFile\AppHSKCFG.ini
7/11/2014|12:13:25 PM|Info|App Mode Path:E:\MDSHWDAPP\MDSHWD\KeypadApp\AppIniFile\AppCFG.ini
7/11/2014|12:13:25 PM|Info|AutoHSKLog: HskDate Delete Log File before:5/12/2014 Housekeeping routines day:60
7/11/2014|12:13:25 PM|Info|AutoHSKLog:Total Log Folder Deleted:0
7/11/2014|12:13:25 PM|Info|App Mode =0
7/11/2014|12:13:26 PM|Info|Keypad Diagnostic Mode Selected - Engineer
7/11/2014|12:13:26 PM|Info|== Start Keypad Diagnostic Mode ==
7/11/2014|12:13:27 PM|Info|== Start Keypad Setting ==
7/11/2014|12:13:28 PM|Info|== End Keypad Setting ==
7/11/2014|12:13:29 PM|Info|== End Keypad Diagnostic Mode ==
7/11/2014|12:13:30 PM|Info|Log End
