7/11/2014|11:29:54 AM|Info|Log Start
7/11/2014|11:29:54 AM|Info|UPS Main App Init Ok
7/11/2014|11:29:54 AM|Info|Logger INI Path:E:\MDSHWDAPP\MDSHWD\UPSApp\AppIniFile\AppLayerIni\AppLayerLogSetting\UPSMAINAPPLOG.INI
7/11/2014|11:29:54 AM|Info|App HSK INI Path:E:\MDSHWDAPP\MDSHWD\UPSApp\AppIniFile\AppHSKCFG.ini
7/11/2014|11:29:54 AM|Info|App Mode Path:E:\MDSHWDAPP\MDSHWD\UPSApp\AppIniFile\AppCFG.ini
7/11/2014|11:29:54 AM|Info|AutoHSKLog: HskDate Delete Log File before:5/12/2014 Housekeeping routines day:60
7/11/2014|11:29:54 AM|Info|AutoHSKLog:Total Log Folder Deleted:0
7/11/2014|11:29:54 AM|Info|App Mode =1
7/11/2014|11:29:55 AM|Info|UPS Main Menu - Exit
7/11/2014|11:29:55 AM|Info|Log End
7/11/2014|11:49:54 AM|Info|Log Start
7/11/2014|11:49:54 AM|Info|UPS Main App Init Ok
7/11/2014|11:49:54 AM|Info|Logger INI Path:E:\MDSHWDAPP\MDSHWD\UPSApp\AppIniFile\AppLayerIni\AppLayerLogSetting\UPSMAINAPPLOG.INI
7/11/2014|11:49:54 AM|Info|App HSK INI Path:E:\MDSHWDAPP\MDSHWD\UPSApp\AppIniFile\AppHSKCFG.ini
7/11/2014|11:49:54 AM|Info|App Mode Path:E:\MDSHWDAPP\MDSHWD\UPSApp\AppIniFile\AppCFG.ini
7/11/2014|11:49:54 AM|Info|AutoHSKLog: HskDate Delete Log File before:5/12/2014 Housekeeping routines day:60
7/11/2014|11:49:54 AM|Info|AutoHSKLog:Total Log Folder Deleted:0
7/11/2014|11:49:54 AM|Info|App Mode =1
7/11/2014|11:49:55 AM|Info|UPS Main Menu - Exit
7/11/2014|11:49:55 AM|Info|Log End
7/11/2014|11:50:07 AM|Info|Log Start
7/11/2014|11:50:07 AM|Info|UPS Main App Init Ok
7/11/2014|11:50:07 AM|Info|Logger INI Path:E:\MDSHWDAPP\MDSHWD\UPSApp\AppIniFile\AppLayerIni\AppLayerLogSetting\UPSMAINAPPLOG.INI
7/11/2014|11:50:07 AM|Info|App HSK INI Path:E:\MDSHWDAPP\MDSHWD\UPSApp\AppIniFile\AppHSKCFG.ini
7/11/2014|11:50:07 AM|Info|App Mode Path:E:\MDSHWDAPP\MDSHWD\UPSApp\AppIniFile\AppCFG.ini
7/11/2014|11:50:07 AM|Info|AutoHSKLog: HskDate Delete Log File before:5/12/2014 Housekeeping routines day:60
7/11/2014|11:50:07 AM|Info|AutoHSKLog:Total Log Folder Deleted:0
7/11/2014|11:50:07 AM|Info|App Mode =1
7/11/2014|11:50:08 AM|Info|UPS Main Menu - Exit
7/11/2014|11:50:08 AM|Info|Log End
7/11/2014|11:52:48 AM|Info|Log Start
7/11/2014|11:52:48 AM|Info|UPS Main App Init Ok
7/11/2014|11:52:48 AM|Info|Logger INI Path:E:\MDSHWDAPP\MDSHWD\UPSApp\AppIniFile\AppLayerIni\AppLayerLogSetting\UPSMAINAPPLOG.INI
7/11/2014|11:52:48 AM|Info|App HSK INI Path:E:\MDSHWDAPP\MDSHWD\UPSApp\AppIniFile\AppHSKCFG.ini
7/11/2014|11:52:48 AM|Info|App Mode Path:E:\MDSHWDAPP\MDSHWD\UPSApp\AppIniFile\AppCFG.ini
7/11/2014|11:52:48 AM|Info|AutoHSKLog: HskDate Delete Log File before:5/12/2014 Housekeeping routines day:60
7/11/2014|11:52:48 AM|Info|AutoHSKLog:Total Log Folder Deleted:0
7/11/2014|11:52:48 AM|Info|App Mode =1
7/11/2014|11:52:49 AM|Info|UPS Main Menu - Exit
7/11/2014|11:52:49 AM|Info|Log End
7/11/2014|11:53:14 AM|Info|Log Start
7/11/2014|11:53:14 AM|Info|UPS Main App Init Ok
7/11/2014|11:53:14 AM|Info|Logger INI Path:E:\MDSHWDAPP\MDSHWD\UPSApp\AppIniFile\AppLayerIni\AppLayerLogSetting\UPSMAINAPPLOG.INI
7/11/2014|11:53:14 AM|Info|App HSK INI Path:E:\MDSHWDAPP\MDSHWD\UPSApp\AppIniFile\AppHSKCFG.ini
7/11/2014|11:53:14 AM|Info|App Mode Path:E:\MDSHWDAPP\MDSHWD\UPSApp\AppIniFile\AppCFG.ini
7/11/2014|11:53:14 AM|Info|AutoHSKLog: HskDate Delete Log File before:5/12/2014 Housekeeping routines day:60
7/11/2014|11:53:14 AM|Info|AutoHSKLog:Total Log Folder Deleted:0
7/11/2014|11:53:14 AM|Info|App Mode =1
7/11/2014|11:53:16 AM|Info|UPS Diagnostic Mode Selected - Engineer
7/11/2014|11:53:16 AM|Info|== Start UPS Diagnostic Mode ==
7/11/2014|11:53:18 AM|Info|== Start UPS Setting ==
7/11/2014|11:53:20 AM|Info|== End UPS Setting ==
7/11/2014|11:53:20 AM|Info|UPS Diagnostic Menu - Exit
7/11/2014|11:53:20 AM|Info|== End UPS Diagnostic Mode ==
7/11/2014|11:53:22 AM|Info|UPS Main Menu - Exit
7/11/2014|11:53:22 AM|Info|Log End
7/11/2014|12:13:47 PM|Info|Log Start
7/11/2014|12:13:47 PM|Info|UPS Main App Init Ok
7/11/2014|12:13:47 PM|Info|Logger INI Path:E:\MDSHWDAPP\MDSHWD\UPSApp\AppIniFile\AppLayerIni\AppLayerLogSetting\UPSMAINAPPLOG.INI
7/11/2014|12:13:47 PM|Info|App HSK INI Path:E:\MDSHWDAPP\MDSHWD\UPSApp\AppIniFile\AppHSKCFG.ini
7/11/2014|12:13:47 PM|Info|App Mode Path:E:\MDSHWDAPP\MDSHWD\UPSApp\AppIniFile\AppCFG.ini
7/11/2014|12:13:47 PM|Info|AutoHSKLog: HskDate Delete Log File before:5/12/2014 Housekeeping routines day:60
7/11/2014|12:13:47 PM|Info|AutoHSKLog:Total Log Folder Deleted:0
7/11/2014|12:13:47 PM|Info|App Mode =1
7/11/2014|12:13:48 PM|Info|UPS Diagnostic Mode Selected - Engineer
7/11/2014|12:13:48 PM|Info|== Start UPS Diagnostic Mode ==
7/11/2014|12:13:50 PM|Info|== Start UPS Setting ==
7/11/2014|12:13:53 PM|Info|== End UPS Setting ==
7/11/2014|12:13:54 PM|Info|UPS Diagnostic Menu - Exit
7/11/2014|12:13:54 PM|Info|== End UPS Diagnostic Mode ==
7/11/2014|12:13:55 PM|Info|UPS Main Menu - Exit
7/11/2014|12:13:55 PM|Info|Log End
