07/15/2016|9:45:03 AM|Info|Log Start - clsUPSHwdInterface
07/15/2016|9:45:03 AM|Info|== UPS HWD Class Init Ok ==
07/15/2016|9:45:03 AM|Info|Logger Ini Path:E:\MDSHWDAPP\MDSHWD\UPSApp\AppIniFile\AppLayerIni\AppLayerLogSetting\UPSHWDLOG.INI
07/15/2016|9:45:03 AM|Info|UPS HWD Setting:E:\MDSHWDAPP\MDSHWD\UPSApp\AppIniFile\AppLayerIni\AppLayerParamSetting\UPSHWDCFG.INI
07/15/2016|9:45:03 AM|Info|UPS Code Setting:E:\MDSHWDAPP\MDSHWD\UPSApp\AppIniFile\AppLayerIni\AppLayerParamSetting\UPSSTATECODE.INI
07/15/2016|9:45:03 AM|Info|== UPS Hardware Setting ==
07/15/2016|9:45:03 AM|Info|Enable UPS=True
07/15/2016|9:45:03 AM|Info|UPS Status Path=E:\MDSHWDAPP\MDSHWD\UPSApp\TestData\user.log
07/15/2016|9:45:03 AM|Info|Monitor Interval=5000
07/15/2016|9:45:03 AM|Info|Seperator Field=,
07/15/2016|9:45:03 AM|Info|UPSServiceStart=1
07/15/2016|9:45:03 AM|Info|UPSCommunicationEstablished=2
07/15/2016|9:45:03 AM|Info|UPSServiceStop=3
07/15/2016|9:45:03 AM|Info|UPSCommunicationLost=4
07/15/2016|9:45:03 AM|Info|UPSBatteryMode=5
07/15/2016|9:45:03 AM|Info|UPSPowerSupplyUp =6
07/15/2016|9:45:03 AM|Info|== UPS Hardware Setting End==
07/15/2016|9:45:03 AM|Info|Read UPS Lookup Data Setting OK
07/15/2016|9:45:03 AM|Erro|UPS Status:4- Communication lost
07/15/2016|9:45:03 AM|Info|RaiseEvent EvtDeviceError
07/15/2016|9:45:03 AM|Warn|UPS - StartDevice Failed
