06/23/2016|11:26:01 AM|Info|Log Start
06/23/2016|11:26:01 AM|Info|== RSI HWD Class Init Ok ==
06/23/2016|11:26:01 AM|Info|Logger Ini Path:E:\MDSHWDAPP\MDSHWD\RSIApp\AppIniFile\AppLayerIni\AppLayerLogSetting\RSIHWDLOG.INI
06/23/2016|11:26:01 AM|Info|RSI HWD Setting:E:\MDSHWDAPP\MDSHWD\RSIApp\AppIniFile\AppLayerIni\AppLayerParamSetting\RSIHWDCFG.INI
06/23/2016|11:26:01 AM|Info|RSI Code Setting:E:\MDSHWDAPP\MDSHWD\RSIApp\AppIniFile\AppLayerIni\AppLayerParamSetting\RSISTATECODE.INI
06/23/2016|11:26:01 AM|Info|== RSI Hardware Setting ==
06/23/2016|11:26:01 AM|Info|Enable RSI=True
06/23/2016|11:26:01 AM|Info|RSI No of Comport=1
06/23/2016|11:26:01 AM|Info|Comport 1=5
06/23/2016|11:26:01 AM|Info|Baudrate=9600
06/23/2016|11:26:01 AM|Info|Parity=0
06/23/2016|11:26:01 AM|Info|Databits=8
06/23/2016|11:26:01 AM|Info|Stopbits=1
06/23/2016|11:26:01 AM|Info|Comport 2=6
06/23/2016|11:26:01 AM|Info|Baudrate=9600
06/23/2016|11:26:01 AM|Info|Parity=0
06/23/2016|11:26:01 AM|Info|Databits=8
06/23/2016|11:26:01 AM|Info|Stopbits=1
06/23/2016|11:26:01 AM|Info|== RSI Hardware Setting End==
06/23/2016|11:26:01 AM|Info|Read RSI Lookup Data Setting OK
06/23/2016|11:26:01 AM|Erro|Error in InitRSICommunication:The port 'COM5' does not exist.
06/23/2016|11:26:01 AM|Info|RaiseEvent EvtDeviceError
06/23/2016|11:26:01 AM|Erro|RSI - StartDevice Failed
06/23/2016|11:26:06 AM|Info|RSI Light 2 - Trigger ON=True
06/23/2016|11:30:17 AM|Info|Log Start
06/23/2016|11:30:17 AM|Info|== RSI HWD Class Init Ok ==
06/23/2016|11:30:17 AM|Info|Logger Ini Path:E:\MDSHWDAPP\MDSHWD\RSIApp\AppIniFile\AppLayerIni\AppLayerLogSetting\RSIHWDLOG.INI
06/23/2016|11:30:17 AM|Info|RSI HWD Setting:E:\MDSHWDAPP\MDSHWD\RSIApp\AppIniFile\AppLayerIni\AppLayerParamSetting\RSIHWDCFG.INI
06/23/2016|11:30:17 AM|Info|RSI Code Setting:E:\MDSHWDAPP\MDSHWD\RSIApp\AppIniFile\AppLayerIni\AppLayerParamSetting\RSISTATECODE.INI
06/23/2016|11:30:17 AM|Info|== RSI Hardware Setting ==
06/23/2016|11:30:17 AM|Info|Enable RSI=True
06/23/2016|11:30:17 AM|Info|RSI No of Comport=1
06/23/2016|11:30:17 AM|Info|Comport 1=5
06/23/2016|11:30:17 AM|Info|Baudrate=9600
06/23/2016|11:30:17 AM|Info|Parity=0
06/23/2016|11:30:17 AM|Info|Databits=8
06/23/2016|11:30:17 AM|Info|Stopbits=1
06/23/2016|11:30:17 AM|Info|Comport 2=6
06/23/2016|11:30:17 AM|Info|Baudrate=9600
06/23/2016|11:30:17 AM|Info|Parity=0
06/23/2016|11:30:17 AM|Info|Databits=8
06/23/2016|11:30:17 AM|Info|Stopbits=1
06/23/2016|11:30:17 AM|Info|== RSI Hardware Setting End==
06/23/2016|11:30:17 AM|Info|Read RSI Lookup Data Setting OK
06/23/2016|11:30:17 AM|Erro|Error in InitRSICommunication:The port 'COM5' does not exist.
06/23/2016|11:30:17 AM|Info|RaiseEvent EvtDeviceError
06/23/2016|11:30:17 AM|Erro|RSI - StartDevice Failed
06/23/2016|11:30:18 AM|Info|RSI Light 2 - Trigger ON=True
