06/24/2016|12:03:01 PM|Info|Log Start
06/24/2016|12:03:01 PM|Info|== RSI HWD Class Init Ok ==
06/24/2016|12:03:01 PM|Info|Logger Ini Path:E:\MDSHWDAPP\MDSHWD\RSIApp\AppIniFile\AppLayerIni\AppLayerLogSetting\RSIHWDLOG.INI
06/24/2016|12:03:01 PM|Info|RSI HWD Setting:E:\MDSHWDAPP\MDSHWD\RSIApp\AppIniFile\AppLayerIni\AppLayerParamSetting\RSIHWDCFG.INI
06/24/2016|12:03:01 PM|Info|RSI Code Setting:E:\MDSHWDAPP\MDSHWD\RSIApp\AppIniFile\AppLayerIni\AppLayerParamSetting\RSISTATECODE.INI
06/24/2016|12:03:01 PM|Info|== RSI Hardware Setting ==
06/24/2016|12:03:01 PM|Info|Enable RSI=True
06/24/2016|12:03:01 PM|Info|RSI No of Comport=1
06/24/2016|12:03:01 PM|Info|Comport 1=5
06/24/2016|12:03:01 PM|Info|Baudrate=9600
06/24/2016|12:03:01 PM|Info|Parity=0
06/24/2016|12:03:01 PM|Info|Databits=8
06/24/2016|12:03:01 PM|Info|Stopbits=1
06/24/2016|12:03:01 PM|Info|Comport 2=6
06/24/2016|12:03:01 PM|Info|Baudrate=9600
06/24/2016|12:03:01 PM|Info|Parity=0
06/24/2016|12:03:01 PM|Info|Databits=8
06/24/2016|12:03:01 PM|Info|Stopbits=1
06/24/2016|12:03:01 PM|Info|== RSI Hardware Setting End==
06/24/2016|12:03:01 PM|Info|Read RSI Lookup Data Setting OK
06/24/2016|12:03:02 PM|Erro|Error in InitRSICommunication:The port 'COM5' does not exist.
06/24/2016|12:03:02 PM|Info|RaiseEvent EvtDeviceError
06/24/2016|12:03:02 PM|Erro|RSI - StartDevice Failed
06/24/2016|12:03:07 PM|Info|RSI Light 2 - Trigger ON=True
06/24/2016|12:19:46 PM|Info|Log Start
06/24/2016|12:19:46 PM|Info|== RSI HWD Class Init Ok ==
06/24/2016|12:19:46 PM|Info|Logger Ini Path:E:\MDSHWDAPP\MDSHWD\RSIApp\AppIniFile\AppLayerIni\AppLayerLogSetting\RSIHWDLOG.INI
06/24/2016|12:19:46 PM|Info|RSI HWD Setting:E:\MDSHWDAPP\MDSHWD\RSIApp\AppIniFile\AppLayerIni\AppLayerParamSetting\RSIHWDCFG.INI
06/24/2016|12:19:46 PM|Info|RSI Code Setting:E:\MDSHWDAPP\MDSHWD\RSIApp\AppIniFile\AppLayerIni\AppLayerParamSetting\RSISTATECODE.INI
06/24/2016|12:19:46 PM|Info|== RSI Hardware Setting ==
06/24/2016|12:19:46 PM|Info|Enable RSI=True
06/24/2016|12:19:46 PM|Info|RSI No of Comport=1
06/24/2016|12:19:46 PM|Info|Comport 1=5
06/24/2016|12:19:46 PM|Info|Baudrate=9600
06/24/2016|12:19:46 PM|Info|Parity=0
06/24/2016|12:19:46 PM|Info|Databits=8
06/24/2016|12:19:46 PM|Info|Stopbits=1
06/24/2016|12:19:46 PM|Info|Comport 2=6
06/24/2016|12:19:46 PM|Info|Baudrate=9600
06/24/2016|12:19:46 PM|Info|Parity=0
06/24/2016|12:19:46 PM|Info|Databits=8
06/24/2016|12:19:46 PM|Info|Stopbits=1
06/24/2016|12:19:46 PM|Info|== RSI Hardware Setting End==
06/24/2016|12:19:46 PM|Info|Read RSI Lookup Data Setting OK
06/24/2016|12:19:47 PM|Erro|Error in InitRSICommunication:The port 'COM5' does not exist.
06/24/2016|12:19:47 PM|Info|RaiseEvent EvtDeviceError
06/24/2016|12:19:47 PM|Erro|RSI - StartDevice Failed
06/24/2016|12:19:48 PM|Info|RSI Light 2 - Trigger ON=True
