6/17/2014|7:23:32 PM|Info|Log Start
6/17/2014|7:23:32 PM|Info|Printer Main App Init Ok
6/17/2014|7:23:32 PM|Info|Logger INI Path:E:\MDSHWDAPP\MDSHWD\ReceiptPrinterApp\AppIniFile\AppLayerIni\AppLayerLogSetting\PRINTERMAINAPPLOG.INI
6/17/2014|7:23:32 PM|Info|App HSK INI Path:E:\MDSHWDAPP\MDSHWD\ReceiptPrinterApp\AppIniFile\AppHSKCFG.ini
6/17/2014|7:23:32 PM|Info|App Mode Path:E:\MDSHWDAPP\MDSHWD\ReceiptPrinterApp\AppIniFile\AppCFG.ini
6/17/2014|7:23:32 PM|Info|AutoHSKLog: HskDate Delete Log File before:4/18/2014 Housekeeping routines day:60
6/17/2014|7:23:32 PM|Info|AutoHSKLog:Total Log Folder Deleted:1
6/17/2014|7:23:32 PM|Info|App Mode =0
6/17/2014|7:23:33 PM|Info|Printer Diagnostic Mode Selected - Engineer
6/17/2014|7:23:33 PM|Info|== Start Printer Diagnostic Mode ==
6/17/2014|7:23:40 PM|Info|== End Printer Diagnostic Mode ==
6/17/2014|7:23:41 PM|Info|Log End
6/17/2014|7:23:51 PM|Info|Log Start
6/17/2014|7:23:51 PM|Info|Printer Main App Init Ok
6/17/2014|7:23:51 PM|Info|Logger INI Path:E:\MDSHWDAPP\MDSHWD\ReceiptPrinterApp\AppIniFile\AppLayerIni\AppLayerLogSetting\PRINTERMAINAPPLOG.INI
6/17/2014|7:23:51 PM|Info|App HSK INI Path:E:\MDSHWDAPP\MDSHWD\ReceiptPrinterApp\AppIniFile\AppHSKCFG.ini
6/17/2014|7:23:51 PM|Info|App Mode Path:E:\MDSHWDAPP\MDSHWD\ReceiptPrinterApp\AppIniFile\AppCFG.ini
6/17/2014|7:23:51 PM|Info|AutoHSKLog: HskDate Delete Log File before:4/18/2014 Housekeeping routines day:60
6/17/2014|7:23:51 PM|Info|AutoHSKLog:Total Log Folder Deleted:0
6/17/2014|7:23:51 PM|Info|App Mode =0
6/17/2014|7:23:52 PM|Info|Printer Diagnostic Mode Selected - Engineer
6/17/2014|7:23:52 PM|Info|== Start Printer Diagnostic Mode ==
6/17/2014|7:23:55 PM|Info|== End Printer Diagnostic Mode ==
6/17/2014|7:23:56 PM|Info|Log End
6/17/2014|7:24:08 PM|Info|Log Start
6/17/2014|7:24:08 PM|Info|Printer Main App Init Ok
6/17/2014|7:24:08 PM|Info|Logger INI Path:E:\MDSHWDAPP\MDSHWD\ReceiptPrinterApp\AppIniFile\AppLayerIni\AppLayerLogSetting\PRINTERMAINAPPLOG.INI
6/17/2014|7:24:08 PM|Info|App HSK INI Path:E:\MDSHWDAPP\MDSHWD\ReceiptPrinterApp\AppIniFile\AppHSKCFG.ini
6/17/2014|7:24:08 PM|Info|App Mode Path:E:\MDSHWDAPP\MDSHWD\ReceiptPrinterApp\AppIniFile\AppCFG.ini
6/17/2014|7:24:08 PM|Info|AutoHSKLog: HskDate Delete Log File before:4/18/2014 Housekeeping routines day:60
6/17/2014|7:24:08 PM|Info|AutoHSKLog:Total Log Folder Deleted:0
6/17/2014|7:24:08 PM|Info|App Mode =0
6/17/2014|7:24:09 PM|Info|Printer Diagnostic Mode Selected - Engineer
6/17/2014|7:24:09 PM|Info|== Start Printer Diagnostic Mode ==
6/17/2014|7:24:13 PM|Info|== End Printer Diagnostic Mode ==
6/17/2014|7:24:15 PM|Info|Log End
6/17/2014|7:24:24 PM|Info|Log Start
6/17/2014|7:24:24 PM|Info|Printer Main App Init Ok
6/17/2014|7:24:24 PM|Info|Logger INI Path:E:\MDSHWDAPP\MDSHWD\ReceiptPrinterApp\AppIniFile\AppLayerIni\AppLayerLogSetting\PRINTERMAINAPPLOG.INI
6/17/2014|7:24:24 PM|Info|App HSK INI Path:E:\MDSHWDAPP\MDSHWD\ReceiptPrinterApp\AppIniFile\AppHSKCFG.ini
6/17/2014|7:24:24 PM|Info|App Mode Path:E:\MDSHWDAPP\MDSHWD\ReceiptPrinterApp\AppIniFile\AppCFG.ini
6/17/2014|7:24:24 PM|Info|AutoHSKLog: HskDate Delete Log File before:4/18/2014 Housekeeping routines day:60
6/17/2014|7:24:24 PM|Info|AutoHSKLog:Total Log Folder Deleted:0
6/17/2014|7:24:24 PM|Info|App Mode =0
6/17/2014|7:24:25 PM|Info|Printer Diagnostic Mode Selected - Engineer
6/17/2014|7:24:25 PM|Info|== Start Printer Diagnostic Mode ==
6/17/2014|7:24:27 PM|Info|== End Printer Diagnostic Mode ==
6/17/2014|7:24:28 PM|Info|Log End
6/17/2014|7:24:34 PM|Info|Log Start
6/17/2014|7:24:34 PM|Info|Printer Main App Init Ok
6/17/2014|7:24:34 PM|Info|Logger INI Path:E:\MDSHWDAPP\MDSHWD\ReceiptPrinterApp\AppIniFile\AppLayerIni\AppLayerLogSetting\PRINTERMAINAPPLOG.INI
6/17/2014|7:24:34 PM|Info|App HSK INI Path:E:\MDSHWDAPP\MDSHWD\ReceiptPrinterApp\AppIniFile\AppHSKCFG.ini
6/17/2014|7:24:34 PM|Info|App Mode Path:E:\MDSHWDAPP\MDSHWD\ReceiptPrinterApp\AppIniFile\AppCFG.ini
6/17/2014|7:24:34 PM|Info|AutoHSKLog: HskDate Delete Log File before:4/18/2014 Housekeeping routines day:60
6/17/2014|7:24:34 PM|Info|AutoHSKLog:Total Log Folder Deleted:0
6/17/2014|7:24:34 PM|Info|App Mode =0
6/17/2014|7:24:34 PM|Info|Printer Diagnostic Mode Selected - Engineer
6/17/2014|7:24:34 PM|Info|== Start Printer Diagnostic Mode ==
6/17/2014|7:24:39 PM|Info|== End Printer Diagnostic Mode ==
6/17/2014|7:24:40 PM|Info|Log End
6/17/2014|7:25:00 PM|Info|Log Start
6/17/2014|7:25:00 PM|Info|Printer Main App Init Ok
6/17/2014|7:25:00 PM|Info|Logger INI Path:E:\MDSHWDAPP\MDSHWD\ReceiptPrinterApp\AppIniFile\AppLayerIni\AppLayerLogSetting\PRINTERMAINAPPLOG.INI
6/17/2014|7:25:00 PM|Info|App HSK INI Path:E:\MDSHWDAPP\MDSHWD\ReceiptPrinterApp\AppIniFile\AppHSKCFG.ini
6/17/2014|7:25:00 PM|Info|App Mode Path:E:\MDSHWDAPP\MDSHWD\ReceiptPrinterApp\AppIniFile\AppCFG.ini
6/17/2014|7:25:00 PM|Info|AutoHSKLog: HskDate Delete Log File before:4/18/2014 Housekeeping routines day:60
6/17/2014|7:25:00 PM|Info|AutoHSKLog:Total Log Folder Deleted:0
6/17/2014|7:25:00 PM|Info|App Mode =0
6/17/2014|7:25:01 PM|Info|Printer Diagnostic Mode Selected - Engineer
6/17/2014|7:25:01 PM|Info|== Start Printer Diagnostic Mode ==
6/17/2014|7:25:05 PM|Warn|Printer Is Not Initialise
6/17/2014|7:25:07 PM|Info|== End Printer Diagnostic Mode ==
6/17/2014|7:25:08 PM|Info|Log End
6/17/2014|7:26:10 PM|Info|Log Start
6/17/2014|7:26:10 PM|Info|Printer Main App Init Ok
6/17/2014|7:26:10 PM|Info|Logger INI Path:E:\MDSHWDAPP\MDSHWD\ReceiptPrinterApp\AppIniFile\AppLayerIni\AppLayerLogSetting\PRINTERMAINAPPLOG.INI
6/17/2014|7:26:10 PM|Info|App HSK INI Path:E:\MDSHWDAPP\MDSHWD\ReceiptPrinterApp\AppIniFile\AppHSKCFG.ini
6/17/2014|7:26:10 PM|Info|App Mode Path:E:\MDSHWDAPP\MDSHWD\ReceiptPrinterApp\AppIniFile\AppCFG.ini
6/17/2014|7:26:10 PM|Info|AutoHSKLog: HskDate Delete Log File before:4/18/2014 Housekeeping routines day:60
6/17/2014|7:26:10 PM|Info|AutoHSKLog:Total Log Folder Deleted:0
6/17/2014|7:26:10 PM|Info|App Mode =0
6/17/2014|7:26:11 PM|Info|Printer Diagnostic Mode Selected - Engineer
6/17/2014|7:26:11 PM|Info|== Start Printer Diagnostic Mode ==
6/17/2014|7:26:13 PM|Info|== End Printer Diagnostic Mode ==
6/17/2014|7:26:13 PM|Info|Log End
