07/15/2016|9:44:58 AM|Info|Log Start
07/15/2016|9:44:58 AM|Info|== RSI HWD Class Init Ok ==
07/15/2016|9:44:58 AM|Info|Logger Ini Path:E:\MDSHWDAPP\MDSHWD\RSIApp\AppIniFile\AppLayerIni\AppLayerLogSetting\RSIHWDLOG.INI
07/15/2016|9:44:58 AM|Info|RSI HWD Setting:E:\MDSHWDAPP\MDSHWD\RSIApp\AppIniFile\AppLayerIni\AppLayerParamSetting\RSIHWDCFG.INI
07/15/2016|9:44:58 AM|Info|RSI Code Setting:E:\MDSHWDAPP\MDSHWD\RSIApp\AppIniFile\AppLayerIni\AppLayerParamSetting\RSISTATECODE.INI
07/15/2016|9:44:58 AM|Info|== RSI Hardware Setting ==
07/15/2016|9:44:58 AM|Info|Enable RSI=True
07/15/2016|9:44:58 AM|Info|RSI No of Comport=1
07/15/2016|9:44:58 AM|Info|Comport 1=5
07/15/2016|9:44:58 AM|Info|Baudrate=9600
07/15/2016|9:44:58 AM|Info|Parity=0
07/15/2016|9:44:58 AM|Info|Databits=8
07/15/2016|9:44:58 AM|Info|Stopbits=1
07/15/2016|9:44:58 AM|Info|Comport 2=6
07/15/2016|9:44:58 AM|Info|Baudrate=9600
07/15/2016|9:44:58 AM|Info|Parity=0
07/15/2016|9:44:58 AM|Info|Databits=8
07/15/2016|9:44:58 AM|Info|Stopbits=1
07/15/2016|9:44:58 AM|Info|== RSI Hardware Setting End==
07/15/2016|9:44:58 AM|Info|Read RSI Lookup Data Setting OK
07/15/2016|9:44:59 AM|Erro|Error in InitRSICommunication:The port 'COM5' does not exist.
07/15/2016|9:44:59 AM|Info|RaiseEvent EvtDeviceError
07/15/2016|9:44:59 AM|Erro|RSI - StartDevice Failed
07/15/2016|9:45:04 AM|Info|RSI Light 2 - Trigger ON=True
