07/28/2015|12:08:30 PM|Info|Log Start
07/28/2015|12:08:30 PM|Info|== RSI HWD Class Init Ok ==
07/28/2015|12:08:30 PM|Info|Logger Ini Path:E:\MDSHWDAPP\MDSHWD\RSIApp\AppIniFile\AppLayerIni\AppLayerLogSetting\RSIHWDLOG.INI
07/28/2015|12:08:30 PM|Info|RSI HWD Setting:E:\MDSHWDAPP\MDSHWD\RSIApp\AppIniFile\AppLayerIni\AppLayerParamSetting\RSIHWDCFG.INI
07/28/2015|12:08:30 PM|Info|RSI Code Setting:E:\MDSHWDAPP\MDSHWD\RSIApp\AppIniFile\AppLayerIni\AppLayerParamSetting\RSISTATECODE.INI
07/28/2015|12:08:30 PM|Info|== RSI Hardware Setting ==
07/28/2015|12:08:30 PM|Info|Enable RSI=True
07/28/2015|12:08:30 PM|Info|RSI No of Comport=1
07/28/2015|12:08:30 PM|Info|Comport 1=5
07/28/2015|12:08:30 PM|Info|Baudrate=9600
07/28/2015|12:08:30 PM|Info|Parity=0
07/28/2015|12:08:30 PM|Info|Databits=8
07/28/2015|12:08:30 PM|Info|Stopbits=1
07/28/2015|12:08:30 PM|Info|Comport 2=6
07/28/2015|12:08:30 PM|Info|Baudrate=9600
07/28/2015|12:08:30 PM|Info|Parity=0
07/28/2015|12:08:30 PM|Info|Databits=8
07/28/2015|12:08:30 PM|Info|Stopbits=1
07/28/2015|12:08:30 PM|Info|== RSI Hardware Setting End==
07/28/2015|12:08:30 PM|Info|Read RSI Lookup Data Setting OK
07/28/2015|12:08:30 PM|Erro|Error in InitRSICommunication:The port 'COM5' does not exist.
07/28/2015|12:08:30 PM|Info|RaiseEvent EvtDeviceError
07/28/2015|12:08:30 PM|Erro|RSI - StartDevice Failed
07/28/2015|12:08:36 PM|Info|RSI Light 2 - Trigger ON=True
07/28/2015|1:00:04 PM|Info|Log Start
07/28/2015|1:00:04 PM|Info|== RSI HWD Class Init Ok ==
07/28/2015|1:00:04 PM|Info|Logger Ini Path:E:\MDSHWDAPP\MDSHWD\RSIApp\AppIniFile\AppLayerIni\AppLayerLogSetting\RSIHWDLOG.INI
07/28/2015|1:00:04 PM|Info|RSI HWD Setting:E:\MDSHWDAPP\MDSHWD\RSIApp\AppIniFile\AppLayerIni\AppLayerParamSetting\RSIHWDCFG.INI
07/28/2015|1:00:04 PM|Info|RSI Code Setting:E:\MDSHWDAPP\MDSHWD\RSIApp\AppIniFile\AppLayerIni\AppLayerParamSetting\RSISTATECODE.INI
07/28/2015|1:00:04 PM|Info|== RSI Hardware Setting ==
07/28/2015|1:00:04 PM|Info|Enable RSI=True
07/28/2015|1:00:04 PM|Info|RSI No of Comport=1
07/28/2015|1:00:04 PM|Info|Comport 1=5
07/28/2015|1:00:04 PM|Info|Baudrate=9600
07/28/2015|1:00:04 PM|Info|Parity=0
07/28/2015|1:00:04 PM|Info|Databits=8
07/28/2015|1:00:04 PM|Info|Stopbits=1
07/28/2015|1:00:04 PM|Info|Comport 2=6
07/28/2015|1:00:04 PM|Info|Baudrate=9600
07/28/2015|1:00:04 PM|Info|Parity=0
07/28/2015|1:00:04 PM|Info|Databits=8
07/28/2015|1:00:04 PM|Info|Stopbits=1
07/28/2015|1:00:04 PM|Info|== RSI Hardware Setting End==
07/28/2015|1:00:04 PM|Info|Read RSI Lookup Data Setting OK
07/28/2015|1:00:04 PM|Erro|Error in InitRSICommunication:The port 'COM5' does not exist.
07/28/2015|1:00:04 PM|Info|RaiseEvent EvtDeviceError
07/28/2015|1:00:04 PM|Erro|RSI - StartDevice Failed
07/28/2015|1:00:05 PM|Info|RSI Light 2 - Trigger ON=True
