7/21/2014|3:35:16 PM|Info|Log Start - clsUPSHwdInterface
7/21/2014|3:35:16 PM|Info|== UPS HWD Class Init Ok ==
7/21/2014|3:35:16 PM|Info|Logger Ini Path:E:\MDSHWDAPP\MDSHWD\UPSApp\AppIniFile\AppLayerIni\AppLayerLogSetting\UPSHWDLOG.INI
7/21/2014|3:35:16 PM|Info|UPS HWD Setting:E:\MDSHWDAPP\MDSHWD\UPSApp\AppIniFile\AppLayerIni\AppLayerParamSetting\UPSHWDCFG.INI
7/21/2014|3:35:16 PM|Info|UPS Code Setting:E:\MDSHWDAPP\MDSHWD\UPSApp\AppIniFile\AppLayerIni\AppLayerParamSetting\UPSSTATECODE.INI
7/21/2014|3:35:16 PM|Info|== UPS Hardware Setting ==
7/21/2014|3:35:16 PM|Info|Enable UPS=True
7/21/2014|3:35:16 PM|Info|UPS Status Path=E:\MDSHWDAPP\MDSHWD\UPSApp\TestData\user.log
7/21/2014|3:35:16 PM|Info|Monitor Interval=5000
7/21/2014|3:35:16 PM|Info|Seperator Field=,
7/21/2014|3:35:16 PM|Info|UPSServiceStart=1
7/21/2014|3:35:16 PM|Info|UPSCommunicationEstablished=2
7/21/2014|3:35:16 PM|Info|UPSServiceStop=3
7/21/2014|3:35:16 PM|Info|UPSCommunicationLost=4
7/21/2014|3:35:16 PM|Info|UPSBatteryMode=5
7/21/2014|3:35:16 PM|Info|UPSPowerSupplyUp =6
7/21/2014|3:35:16 PM|Info|== UPS Hardware Setting End==
7/21/2014|3:35:16 PM|Info|Read UPS Lookup Data Setting OK
7/21/2014|3:35:16 PM|Erro|UPS Status:4- Communication lost
7/21/2014|3:35:16 PM|Info|RaiseEvent EvtDeviceError
7/21/2014|3:35:16 PM|Warn|UPS - StartDevice Failed
