7/11/2014|10:00:50 AM|Info|Log Start
7/11/2014|10:00:50 AM|Info|Card Reder Hookup Init Ok
7/11/2014|10:00:50 AM|Info|Logger INI Path:E:\MDSHWDAPP\MDSHWD\CardReaderApp\AppIniFile\AppLayerIni\AppLayerLogSetting\CRHOOKUPLOG.INI
7/11/2014|10:00:50 AM|Info|StartDevice - Load CardReader CFG Successfully
7/11/2014|10:00:50 AM|Info|CardReaderDiagStatus Success - 0,D11072014100050,
7/11/2014|10:00:51 AM|Warn|StartDevice - Init CardReader Failed
7/11/2014|10:00:52 AM|Info|LockDevice Success
7/11/2014|10:29:01 AM|Info|Log Start
7/11/2014|10:29:01 AM|Info|Card Reder Hookup Init Ok
7/11/2014|10:29:01 AM|Info|Logger INI Path:E:\MDSHWDAPP\MDSHWD\CardReaderApp\AppIniFile\AppLayerIni\AppLayerLogSetting\CRHOOKUPLOG.INI
7/11/2014|10:29:01 AM|Info|StartDevice - Load CardReader CFG Successfully
7/11/2014|10:29:01 AM|Info|CardReaderDiagStatus Success - 0,D11072014102901,
7/11/2014|10:29:01 AM|Warn|StartDevice - Init CardReader Failed
7/11/2014|10:29:01 AM|Info|LockDevice Success
7/11/2014|10:33:37 AM|Info|Log Start
7/11/2014|10:33:37 AM|Info|Card Reder Hookup Init Ok
7/11/2014|10:33:37 AM|Info|Logger INI Path:E:\MDSHWDAPP\MDSHWD\CardReaderApp\AppIniFile\AppLayerIni\AppLayerLogSetting\CRHOOKUPLOG.INI
7/11/2014|10:33:37 AM|Info|StartDevice - Load CardReader CFG Successfully
7/11/2014|10:33:37 AM|Info|CardReaderDiagStatus Success - 0,D11072014103337,
7/11/2014|10:33:37 AM|Warn|StartDevice - Init CardReader Failed
7/11/2014|10:33:38 AM|Info|LockDevice Success
7/11/2014|10:39:27 AM|Info|Log Start
7/11/2014|10:39:27 AM|Info|Card Reder Hookup Init Ok
7/11/2014|10:39:27 AM|Info|Logger INI Path:E:\MDSHWDAPP\MDSHWD\CardReaderApp\AppIniFile\AppLayerIni\AppLayerLogSetting\CRHOOKUPLOG.INI
7/11/2014|10:39:28 AM|Info|StartDevice - Load CardReader CFG Successfully
7/11/2014|10:39:28 AM|Info|CardReaderDiagStatus Success - 0,D11072014103928,
7/11/2014|10:39:28 AM|Warn|StartDevice - Init CardReader Failed
7/11/2014|10:39:28 AM|Info|LockDevice Success
7/11/2014|12:03:59 PM|Info|Log Start
7/11/2014|12:03:59 PM|Info|Card Reder Hookup Init Ok
7/11/2014|12:03:59 PM|Info|Logger INI Path:E:\MDSHWDAPP\MDSHWD\CardReaderApp\AppIniFile\AppLayerIni\AppLayerLogSetting\CRHOOKUPLOG.INI
7/11/2014|12:03:59 PM|Info|StartDevice - Load CardReader CFG Successfully
7/11/2014|12:03:59 PM|Info|CardReaderDiagStatus Success - 0,D11072014120359,
7/11/2014|12:12:58 PM|Info|Log Start
7/11/2014|12:12:58 PM|Info|Card Reder Hookup Init Ok
7/11/2014|12:12:58 PM|Info|Logger INI Path:E:\MDSHWDAPP\MDSHWD\CardReaderApp\AppIniFile\AppLayerIni\AppLayerLogSetting\CRHOOKUPLOG.INI
7/11/2014|12:12:58 PM|Info|StartDevice - Load CardReader CFG Successfully
7/11/2014|12:12:58 PM|Info|CardReaderDiagStatus Success - 0,D11072014121258,
7/11/2014|12:24:41 PM|Info|Log Start
7/11/2014|12:24:41 PM|Info|Card Reder Hookup Init Ok
7/11/2014|12:24:41 PM|Info|Logger INI Path:E:\MDSHWDAPP\MDSHWD\CardReaderApp\AppIniFile\AppLayerIni\AppLayerLogSetting\CRHOOKUPLOG.INI
7/11/2014|12:24:41 PM|Info|StartDevice - Load CardReader CFG Successfully
7/11/2014|12:24:41 PM|Info|CardReaderDiagStatus Success - 0,D11072014122441,
7/11/2014|12:24:41 PM|Warn|StartDevice - Init CardReader Failed
7/11/2014|12:24:41 PM|Info|LockDevice Success
7/11/2014|12:26:29 PM|Info|Log Start
7/11/2014|12:26:29 PM|Info|Card Reder Hookup Init Ok
7/11/2014|12:26:29 PM|Info|Logger INI Path:E:\MDSHWDAPP\MDSHWD\CardReaderApp\AppIniFile\AppLayerIni\AppLayerLogSetting\CRHOOKUPLOG.INI
7/11/2014|12:26:29 PM|Info|StartDevice - Load CardReader CFG Successfully
7/11/2014|12:26:29 PM|Info|CardReaderDiagStatus Success - 0,D11072014122629,
7/11/2014|12:26:29 PM|Warn|StartDevice - Init CardReader Failed
7/11/2014|12:26:29 PM|Info|LockDevice Success
7/11/2014|12:36:07 PM|Info|Log Start
7/11/2014|12:36:07 PM|Info|Card Reder Hookup Init Ok
7/11/2014|12:36:07 PM|Info|Logger INI Path:E:\MDSHWDAPP\MDSHWD\CardReaderApp\AppIniFile\AppLayerIni\AppLayerLogSetting\CRHOOKUPLOG.INI
7/11/2014|12:36:07 PM|Info|StartDevice - Load CardReader CFG Successfully
7/11/2014|12:36:07 PM|Info|CardReaderDiagStatus Success - 0,D11072014123607,
7/11/2014|12:36:07 PM|Warn|StartDevice - Init CardReader Failed
7/11/2014|12:36:07 PM|Info|LockDevice Success
7/11/2014|2:24:06 PM|Info|Log Start
7/11/2014|2:24:06 PM|Info|Card Reder Hookup Init Ok
7/11/2014|2:24:06 PM|Info|Logger INI Path:E:\MDSHWDAPP\MDSHWD\CardReaderApp\AppIniFile\AppLayerIni\AppLayerLogSetting\CRHOOKUPLOG.INI
7/11/2014|2:24:07 PM|Info|StartDevice - Load CardReader CFG Successfully
7/11/2014|2:24:07 PM|Info|CardReaderDiagStatus Success - 0,D11072014142407,
7/11/2014|2:24:07 PM|Warn|StartDevice - Init CardReader Failed
7/11/2014|2:24:07 PM|Info|LockDevice Success
7/11/2014|3:14:08 PM|Info|Log Start
7/11/2014|3:14:08 PM|Info|Card Reder Hookup Init Ok
7/11/2014|3:14:08 PM|Info|Logger INI Path:E:\MDSHWDAPP\MDSHWD\CardReaderApp\AppIniFile\AppLayerIni\AppLayerLogSetting\CRHOOKUPLOG.INI
7/11/2014|3:14:08 PM|Info|StartDevice - Load CardReader CFG Successfully
7/11/2014|3:14:08 PM|Info|CardReaderDiagStatus Success - 0,D11072014151408,
7/11/2014|3:14:08 PM|Warn|StartDevice - Init CardReader Failed
7/11/2014|3:14:08 PM|Info|LockDevice Success
7/11/2014|3:35:27 PM|Info|Log Start
7/11/2014|3:35:27 PM|Info|Card Reder Hookup Init Ok
7/11/2014|3:35:27 PM|Info|Logger INI Path:E:\MDSHWDAPP\MDSHWD\CardReaderApp\AppIniFile\AppLayerIni\AppLayerLogSetting\CRHOOKUPLOG.INI
7/11/2014|3:35:27 PM|Info|StartDevice - Load CardReader CFG Successfully
7/11/2014|3:35:27 PM|Info|CardReaderDiagStatus Success - 0,D11072014153527,
7/11/2014|3:35:27 PM|Warn|StartDevice - Init CardReader Failed
7/11/2014|3:35:28 PM|Info|LockDevice Success
7/11/2014|3:36:37 PM|Info|Log Start
7/11/2014|3:36:37 PM|Info|Card Reder Hookup Init Ok
7/11/2014|3:36:37 PM|Info|Logger INI Path:E:\MDSHWDAPP\MDSHWD\CardReaderApp\AppIniFile\AppLayerIni\AppLayerLogSetting\CRHOOKUPLOG.INI
7/11/2014|3:36:37 PM|Info|StartDevice - Load CardReader CFG Successfully
7/11/2014|3:36:37 PM|Info|CardReaderDiagStatus Success - 0,D11072014153637,
7/11/2014|3:36:37 PM|Warn|StartDevice - Init CardReader Failed
7/11/2014|3:36:37 PM|Info|LockDevice Success
7/11/2014|3:49:07 PM|Info|Log Start
7/11/2014|3:49:07 PM|Info|Card Reder Hookup Init Ok
7/11/2014|3:49:07 PM|Info|Logger INI Path:E:\MDSHWDAPP\MDSHWD\CardReaderApp\AppIniFile\AppLayerIni\AppLayerLogSetting\CRHOOKUPLOG.INI
7/11/2014|3:49:07 PM|Info|StartDevice - Load CardReader CFG Successfully
7/11/2014|3:49:07 PM|Info|CardReaderDiagStatus Success - 0,D11072014154907,
7/11/2014|3:49:07 PM|Warn|StartDevice - Init CardReader Failed
7/11/2014|3:49:08 PM|Info|LockDevice Success
7/11/2014|3:49:23 PM|Info|Log Start
7/11/2014|3:49:23 PM|Info|Card Reder Hookup Init Ok
7/11/2014|3:49:23 PM|Info|Logger INI Path:E:\MDSHWDAPP\MDSHWD\CardReaderApp\AppIniFile\AppLayerIni\AppLayerLogSetting\CRHOOKUPLOG.INI
7/11/2014|3:49:23 PM|Info|StartDevice - Load CardReader CFG Successfully
7/11/2014|3:49:23 PM|Info|CardReaderDiagStatus Success - 0,D11072014154923,
7/11/2014|3:49:23 PM|Warn|StartDevice - Init CardReader Failed
7/11/2014|3:49:24 PM|Info|LockDevice Success
7/11/2014|4:23:49 PM|Info|Log Start
7/11/2014|4:23:49 PM|Info|Card Reder Hookup Init Ok
7/11/2014|4:23:49 PM|Info|Logger INI Path:E:\MDSHWDAPP\MDSHWD\CardReaderApp\AppIniFile\AppLayerIni\AppLayerLogSetting\CRHOOKUPLOG.INI
7/11/2014|4:23:49 PM|Info|StartDevice - Load CardReader CFG Successfully
7/11/2014|4:23:49 PM|Info|CardReaderDiagStatus Success - 0,D11072014162349,
7/11/2014|4:23:49 PM|Warn|StartDevice - Init CardReader Failed
7/11/2014|4:23:50 PM|Info|LockDevice Success
7/11/2014|4:24:09 PM|Info|Log Start
7/11/2014|4:24:09 PM|Info|Card Reder Hookup Init Ok
7/11/2014|4:24:09 PM|Info|Logger INI Path:E:\MDSHWDAPP\MDSHWD\CardReaderApp\AppIniFile\AppLayerIni\AppLayerLogSetting\CRHOOKUPLOG.INI
7/11/2014|4:24:09 PM|Info|StartDevice - Load CardReader CFG Successfully
7/11/2014|4:24:09 PM|Info|CardReaderDiagStatus Success - 0,D11072014162409,
7/11/2014|4:24:09 PM|Warn|StartDevice - Init CardReader Failed
7/11/2014|4:24:09 PM|Info|LockDevice Success
7/11/2014|4:40:38 PM|Info|Log Start
7/11/2014|4:40:38 PM|Info|Card Reder Hookup Init Ok
7/11/2014|4:40:38 PM|Info|Logger INI Path:E:\MDSHWDAPP\MDSHWD\CardReaderApp\AppIniFile\AppLayerIni\AppLayerLogSetting\CRHOOKUPLOG.INI
7/11/2014|4:40:38 PM|Info|StartDevice - Load CardReader CFG Successfully
7/11/2014|4:40:38 PM|Info|CardReaderDiagStatus Success - 0,D11072014164038,
7/11/2014|4:40:38 PM|Warn|StartDevice - Init CardReader Failed
7/11/2014|4:40:39 PM|Info|LockDevice Success
7/11/2014|4:40:54 PM|Info|Log Start
7/11/2014|4:40:54 PM|Info|Card Reder Hookup Init Ok
7/11/2014|4:40:54 PM|Info|Logger INI Path:E:\MDSHWDAPP\MDSHWD\CardReaderApp\AppIniFile\AppLayerIni\AppLayerLogSetting\CRHOOKUPLOG.INI
7/11/2014|4:40:54 PM|Info|StartDevice - Load CardReader CFG Successfully
7/11/2014|4:40:54 PM|Info|CardReaderDiagStatus Success - 0,D11072014164054,
7/11/2014|4:40:54 PM|Warn|StartDevice - Init CardReader Failed
7/11/2014|4:40:55 PM|Info|LockDevice Success
7/11/2014|4:56:34 PM|Info|Log Start
7/11/2014|4:56:34 PM|Info|Card Reder Hookup Init Ok
7/11/2014|4:56:34 PM|Info|Logger INI Path:E:\MDSHWDAPP\MDSHWD\CardReaderApp\AppIniFile\AppLayerIni\AppLayerLogSetting\CRHOOKUPLOG.INI
7/11/2014|4:56:34 PM|Info|StartDevice - Load CardReader CFG Successfully
7/11/2014|4:56:34 PM|Info|CardReaderDiagStatus Success - 0,D11072014165634,
7/11/2014|4:56:34 PM|Warn|StartDevice - Init CardReader Failed
7/11/2014|4:56:35 PM|Info|LockDevice Success
