7/11/2014|11:29:40 AM|Info|Log Start
7/11/2014|11:29:40 AM|Info|Card Reader Main App Init Ok
7/11/2014|11:29:40 AM|Info|Logger INI Path:E:\MDSHWDAPP\MDSHWD\CardReaderApp\AppIniFile\AppLayerIni\AppLayerLogSetting\CRMAINAPPLOG.INI
7/11/2014|11:29:40 AM|Info|App HSK INI Path:E:\MDSHWDAPP\MDSHWD\CardReaderApp\AppIniFile\AppHSKCFG.ini
7/11/2014|11:29:40 AM|Info|App Mode Path:E:\MDSHWDAPP\MDSHWD\CardReaderApp\AppIniFile\AppCFG.ini
7/11/2014|11:29:40 AM|Info|AutoHSKLog: HskDate Delete Log File before:5/12/2014 Housekeeping routines day:60
7/11/2014|11:29:40 AM|Info|AutoHSKLog:Total Log Folder Deleted:1
7/11/2014|11:29:40 AM|Info|App Mode =0
7/11/2014|11:29:41 AM|Info|Card Reader Main Menu - Exit
7/11/2014|11:29:41 AM|Info|Log End
7/11/2014|11:29:42 AM|Info|Log Start
7/11/2014|11:29:42 AM|Info|Card Reader Main App Init Ok
7/11/2014|11:29:42 AM|Info|Logger INI Path:E:\MDSHWDAPP\MDSHWD\CardReaderApp\AppIniFile\AppLayerIni\AppLayerLogSetting\CRMAINAPPLOG.INI
7/11/2014|11:29:42 AM|Info|App HSK INI Path:E:\MDSHWDAPP\MDSHWD\CardReaderApp\AppIniFile\AppHSKCFG.ini
7/11/2014|11:29:42 AM|Info|App Mode Path:E:\MDSHWDAPP\MDSHWD\CardReaderApp\AppIniFile\AppCFG.ini
7/11/2014|11:29:42 AM|Info|AutoHSKLog: HskDate Delete Log File before:5/12/2014 Housekeeping routines day:60
7/11/2014|11:29:42 AM|Info|AutoHSKLog:Total Log Folder Deleted:0
7/11/2014|11:29:42 AM|Info|App Mode =0
7/11/2014|11:29:45 AM|Info|Card Reader Main Menu - Exit
7/11/2014|11:29:45 AM|Info|Log End
7/11/2014|12:03:56 PM|Info|Log Start
7/11/2014|12:03:56 PM|Info|Card Reader Main App Init Ok
7/11/2014|12:03:56 PM|Info|Logger INI Path:E:\MDSHWDAPP\MDSHWD\CardReaderApp\AppIniFile\AppLayerIni\AppLayerLogSetting\CRMAINAPPLOG.INI
7/11/2014|12:03:56 PM|Info|App HSK INI Path:E:\MDSHWDAPP\MDSHWD\CardReaderApp\AppIniFile\AppHSKCFG.ini
7/11/2014|12:03:56 PM|Info|App Mode Path:E:\MDSHWDAPP\MDSHWD\CardReaderApp\AppIniFile\AppCFG.ini
7/11/2014|12:03:56 PM|Info|AutoHSKLog: HskDate Delete Log File before:5/12/2014 Housekeeping routines day:60
7/11/2014|12:03:56 PM|Info|AutoHSKLog:Total Log Folder Deleted:0
7/11/2014|12:03:56 PM|Info|App Mode =0
7/11/2014|12:03:59 PM|Info|Card Reader Diagnostic Mode Selected - Engineer
7/11/2014|12:03:59 PM|Info|== Start Card Reader Diagnostic Mode ==
7/11/2014|12:04:02 PM|Info|== Start Card Reader Setting ==
7/11/2014|12:04:05 PM|Info|== End Card Reader Setting ==
7/11/2014|12:04:07 PM|Info|Card Reader Diagnostic Menu - Exit
7/11/2014|12:04:07 PM|Info|== End Card Reader Diagnostic Mode ==
7/11/2014|12:04:10 PM|Info|Card Reader Main Menu - Exit
7/11/2014|12:04:10 PM|Info|Log End
7/11/2014|12:12:56 PM|Info|Log Start
7/11/2014|12:12:56 PM|Info|Card Reader Main App Init Ok
7/11/2014|12:12:56 PM|Info|Logger INI Path:E:\MDSHWDAPP\MDSHWD\CardReaderApp\AppIniFile\AppLayerIni\AppLayerLogSetting\CRMAINAPPLOG.INI
7/11/2014|12:12:56 PM|Info|App HSK INI Path:E:\MDSHWDAPP\MDSHWD\CardReaderApp\AppIniFile\AppHSKCFG.ini
7/11/2014|12:12:56 PM|Info|App Mode Path:E:\MDSHWDAPP\MDSHWD\CardReaderApp\AppIniFile\AppCFG.ini
7/11/2014|12:12:56 PM|Info|AutoHSKLog: HskDate Delete Log File before:5/12/2014 Housekeeping routines day:60
7/11/2014|12:12:56 PM|Info|AutoHSKLog:Total Log Folder Deleted:0
7/11/2014|12:12:56 PM|Info|App Mode =0
7/11/2014|12:12:58 PM|Info|Card Reader Diagnostic Mode Selected - Engineer
7/11/2014|12:12:58 PM|Info|== Start Card Reader Diagnostic Mode ==
7/11/2014|12:12:59 PM|Info|== Start Card Reader Setting ==
7/11/2014|12:13:01 PM|Info|== End Card Reader Setting ==
7/11/2014|12:13:01 PM|Info|Card Reader Diagnostic Menu - Exit
7/11/2014|12:13:01 PM|Info|== End Card Reader Diagnostic Mode ==
7/11/2014|12:13:03 PM|Info|Card Reader Main Menu - Exit
7/11/2014|12:13:03 PM|Info|Log End
