7/11/2014|10:00:51 AM|Info|Log Start
7/11/2014|10:00:51 AM|Info|Printer Hookup Class Init Ok
7/11/2014|10:00:51 AM|Info|Printer Spooler Status Ok
7/11/2014|10:00:51 AM|Info|Printer Status:False
7/11/2014|10:00:51 AM|Info|Printer Failed:False
7/11/2014|10:00:51 AM|Info|Paper OK:False
7/11/2014|10:00:51 AM|Info|Paper Low:False
7/11/2014|10:00:51 AM|Info|Paper End:False
7/11/2014|10:00:51 AM|Info|Paper Jam:False
7/11/2014|10:00:51 AM|Info|RaiseEvent EvtDeviceError
7/11/2014|10:00:51 AM|Warn|StartDevice - Init Receipt Printer Printer Device Failed
7/11/2014|10:29:01 AM|Info|Log Start
7/11/2014|10:29:01 AM|Info|Printer Hookup Class Init Ok
7/11/2014|10:29:01 AM|Info|Printer Spooler Status Ok
7/11/2014|10:29:01 AM|Info|Printer Status:False
7/11/2014|10:29:01 AM|Info|Printer Failed:False
7/11/2014|10:29:01 AM|Info|Paper OK:False
7/11/2014|10:29:01 AM|Info|Paper Low:False
7/11/2014|10:29:01 AM|Info|Paper End:False
7/11/2014|10:29:01 AM|Info|Paper Jam:False
7/11/2014|10:29:01 AM|Info|RaiseEvent EvtDeviceError
7/11/2014|10:29:01 AM|Warn|StartDevice - Init Receipt Printer Printer Device Failed
7/11/2014|10:33:37 AM|Info|Log Start
7/11/2014|10:33:37 AM|Info|Printer Hookup Class Init Ok
7/11/2014|10:33:37 AM|Info|Printer Spooler Status Ok
7/11/2014|10:33:37 AM|Info|Printer Status:False
7/11/2014|10:33:37 AM|Info|Printer Failed:False
7/11/2014|10:33:37 AM|Info|Paper OK:False
7/11/2014|10:33:37 AM|Info|Paper Low:False
7/11/2014|10:33:37 AM|Info|Paper End:False
7/11/2014|10:33:37 AM|Info|Paper Jam:False
7/11/2014|10:33:37 AM|Info|RaiseEvent EvtDeviceError
7/11/2014|10:33:37 AM|Warn|StartDevice - Init Receipt Printer Printer Device Failed
7/11/2014|10:39:28 AM|Info|Log Start
7/11/2014|10:39:28 AM|Info|Printer Hookup Class Init Ok
7/11/2014|10:39:28 AM|Info|Printer Spooler Status Ok
7/11/2014|10:39:28 AM|Info|Printer Status:False
7/11/2014|10:39:28 AM|Info|Printer Failed:False
7/11/2014|10:39:28 AM|Info|Paper OK:False
7/11/2014|10:39:28 AM|Info|Paper Low:False
7/11/2014|10:39:28 AM|Info|Paper End:False
7/11/2014|10:39:28 AM|Info|Paper Jam:False
7/11/2014|10:39:28 AM|Info|RaiseEvent EvtDeviceError
7/11/2014|10:39:28 AM|Warn|StartDevice - Init Receipt Printer Printer Device Failed
7/11/2014|12:04:26 PM|Info|Log Start
7/11/2014|12:04:26 PM|Info|Printer Hookup Class Init Ok
7/11/2014|12:13:32 PM|Info|Log Start
7/11/2014|12:13:32 PM|Info|Printer Hookup Class Init Ok
7/11/2014|12:24:41 PM|Info|Log Start
7/11/2014|12:24:41 PM|Info|Printer Hookup Class Init Ok
7/11/2014|12:24:41 PM|Info|Printer Spooler Status Ok
7/11/2014|12:24:41 PM|Info|Printer Status:False
7/11/2014|12:24:41 PM|Info|Printer Failed:False
7/11/2014|12:24:41 PM|Info|Paper OK:False
7/11/2014|12:24:41 PM|Info|Paper Low:False
7/11/2014|12:24:41 PM|Info|Paper End:False
7/11/2014|12:24:41 PM|Info|Paper Jam:False
7/11/2014|12:24:41 PM|Info|RaiseEvent EvtDeviceError
7/11/2014|12:24:41 PM|Warn|StartDevice - Init Receipt Printer Printer Device Failed
7/11/2014|12:26:29 PM|Info|Log Start
7/11/2014|12:26:29 PM|Info|Printer Hookup Class Init Ok
7/11/2014|12:26:29 PM|Info|Printer Spooler Status Ok
7/11/2014|12:26:29 PM|Info|Printer Status:False
7/11/2014|12:26:29 PM|Info|Printer Failed:False
7/11/2014|12:26:29 PM|Info|Paper OK:False
7/11/2014|12:26:29 PM|Info|Paper Low:False
7/11/2014|12:26:29 PM|Info|Paper End:False
7/11/2014|12:26:29 PM|Info|Paper Jam:False
7/11/2014|12:26:29 PM|Info|RaiseEvent EvtDeviceError
7/11/2014|12:26:29 PM|Warn|StartDevice - Init Receipt Printer Printer Device Failed
7/11/2014|12:36:07 PM|Info|Log Start
7/11/2014|12:36:07 PM|Info|Printer Hookup Class Init Ok
7/11/2014|12:36:07 PM|Info|Printer Spooler Status Ok
7/11/2014|12:36:07 PM|Info|Printer Status:False
7/11/2014|12:36:07 PM|Info|Printer Failed:False
7/11/2014|12:36:07 PM|Info|Paper OK:False
7/11/2014|12:36:07 PM|Info|Paper Low:False
7/11/2014|12:36:07 PM|Info|Paper End:False
7/11/2014|12:36:07 PM|Info|Paper Jam:False
7/11/2014|12:36:07 PM|Info|RaiseEvent EvtDeviceError
7/11/2014|12:36:07 PM|Warn|StartDevice - Init Receipt Printer Printer Device Failed
7/11/2014|2:24:07 PM|Info|Log Start
7/11/2014|2:24:07 PM|Info|Printer Hookup Class Init Ok
7/11/2014|2:24:07 PM|Info|Printer Spooler Status Ok
7/11/2014|2:24:07 PM|Info|Printer Status:False
7/11/2014|2:24:07 PM|Info|Printer Failed:False
7/11/2014|2:24:07 PM|Info|Paper OK:False
7/11/2014|2:24:07 PM|Info|Paper Low:False
7/11/2014|2:24:07 PM|Info|Paper End:False
7/11/2014|2:24:07 PM|Info|Paper Jam:False
7/11/2014|2:24:07 PM|Info|RaiseEvent EvtDeviceError
7/11/2014|2:24:07 PM|Warn|StartDevice - Init Receipt Printer Printer Device Failed
7/11/2014|3:14:08 PM|Info|Log Start
7/11/2014|3:14:08 PM|Info|Printer Hookup Class Init Ok
7/11/2014|3:14:08 PM|Info|Printer Spooler Status Ok
7/11/2014|3:14:08 PM|Info|Printer Status:False
7/11/2014|3:14:08 PM|Info|Printer Failed:False
7/11/2014|3:14:08 PM|Info|Paper OK:False
7/11/2014|3:14:08 PM|Info|Paper Low:False
7/11/2014|3:14:08 PM|Info|Paper End:False
7/11/2014|3:14:08 PM|Info|Paper Jam:False
7/11/2014|3:14:08 PM|Info|RaiseEvent EvtDeviceError
7/11/2014|3:14:08 PM|Warn|StartDevice - Init Receipt Printer Printer Device Failed
7/11/2014|3:35:27 PM|Info|Log Start
7/11/2014|3:35:27 PM|Info|Printer Hookup Class Init Ok
7/11/2014|3:35:27 PM|Info|Printer Spooler Status Ok
7/11/2014|3:35:27 PM|Info|Printer Status:False
7/11/2014|3:35:27 PM|Info|Printer Failed:False
7/11/2014|3:35:27 PM|Info|Paper OK:False
7/11/2014|3:35:27 PM|Info|Paper Low:False
7/11/2014|3:35:27 PM|Info|Paper End:False
7/11/2014|3:35:27 PM|Info|Paper Jam:False
7/11/2014|3:35:27 PM|Info|RaiseEvent EvtDeviceError
7/11/2014|3:35:27 PM|Warn|StartDevice - Init Receipt Printer Printer Device Failed
7/11/2014|3:36:37 PM|Info|Log Start
7/11/2014|3:36:37 PM|Info|Printer Hookup Class Init Ok
7/11/2014|3:36:37 PM|Info|Printer Spooler Status Ok
7/11/2014|3:36:37 PM|Info|Printer Status:False
7/11/2014|3:36:37 PM|Info|Printer Failed:False
7/11/2014|3:36:37 PM|Info|Paper OK:False
7/11/2014|3:36:37 PM|Info|Paper Low:False
7/11/2014|3:36:37 PM|Info|Paper End:False
7/11/2014|3:36:37 PM|Info|Paper Jam:False
7/11/2014|3:36:37 PM|Info|RaiseEvent EvtDeviceError
7/11/2014|3:36:37 PM|Warn|StartDevice - Init Receipt Printer Printer Device Failed
7/11/2014|3:49:07 PM|Info|Log Start
7/11/2014|3:49:07 PM|Info|Printer Hookup Class Init Ok
7/11/2014|3:49:07 PM|Info|Printer Spooler Status Ok
7/11/2014|3:49:07 PM|Info|Printer Status:False
7/11/2014|3:49:07 PM|Info|Printer Failed:False
7/11/2014|3:49:07 PM|Info|Paper OK:False
7/11/2014|3:49:07 PM|Info|Paper Low:False
7/11/2014|3:49:07 PM|Info|Paper End:False
7/11/2014|3:49:07 PM|Info|Paper Jam:False
7/11/2014|3:49:07 PM|Info|RaiseEvent EvtDeviceError
7/11/2014|3:49:07 PM|Warn|StartDevice - Init Receipt Printer Printer Device Failed
7/11/2014|3:49:23 PM|Info|Log Start
7/11/2014|3:49:23 PM|Info|Printer Hookup Class Init Ok
7/11/2014|3:49:23 PM|Info|Printer Spooler Status Ok
7/11/2014|3:49:23 PM|Info|Printer Status:False
7/11/2014|3:49:23 PM|Info|Printer Failed:False
7/11/2014|3:49:23 PM|Info|Paper OK:False
7/11/2014|3:49:23 PM|Info|Paper Low:False
7/11/2014|3:49:23 PM|Info|Paper End:False
7/11/2014|3:49:23 PM|Info|Paper Jam:False
7/11/2014|3:49:23 PM|Info|RaiseEvent EvtDeviceError
7/11/2014|3:49:23 PM|Warn|StartDevice - Init Receipt Printer Printer Device Failed
7/11/2014|4:23:49 PM|Info|Log Start
7/11/2014|4:23:49 PM|Info|Printer Hookup Class Init Ok
7/11/2014|4:23:49 PM|Info|Printer Spooler Status Ok
7/11/2014|4:23:50 PM|Info|Printer Status:False
7/11/2014|4:23:50 PM|Info|Printer Failed:False
7/11/2014|4:23:50 PM|Info|Paper OK:False
7/11/2014|4:23:50 PM|Info|Paper Low:False
7/11/2014|4:23:50 PM|Info|Paper End:False
7/11/2014|4:23:50 PM|Info|Paper Jam:False
7/11/2014|4:23:50 PM|Info|RaiseEvent EvtDeviceError
7/11/2014|4:23:50 PM|Warn|StartDevice - Init Receipt Printer Printer Device Failed
7/11/2014|4:24:09 PM|Info|Log Start
7/11/2014|4:24:09 PM|Info|Printer Hookup Class Init Ok
7/11/2014|4:24:09 PM|Info|Printer Spooler Status Ok
7/11/2014|4:24:09 PM|Info|Printer Status:False
7/11/2014|4:24:09 PM|Info|Printer Failed:False
7/11/2014|4:24:09 PM|Info|Paper OK:False
7/11/2014|4:24:09 PM|Info|Paper Low:False
7/11/2014|4:24:09 PM|Info|Paper End:False
7/11/2014|4:24:09 PM|Info|Paper Jam:False
7/11/2014|4:24:09 PM|Info|RaiseEvent EvtDeviceError
7/11/2014|4:24:09 PM|Warn|StartDevice - Init Receipt Printer Printer Device Failed
7/11/2014|4:40:38 PM|Info|Log Start
7/11/2014|4:40:38 PM|Info|Printer Hookup Class Init Ok
7/11/2014|4:40:38 PM|Info|Printer Spooler Status Ok
7/11/2014|4:40:39 PM|Info|Printer Status:False
7/11/2014|4:40:39 PM|Info|Printer Failed:False
7/11/2014|4:40:39 PM|Info|Paper OK:False
7/11/2014|4:40:39 PM|Info|Paper Low:False
7/11/2014|4:40:39 PM|Info|Paper End:False
7/11/2014|4:40:39 PM|Info|Paper Jam:False
7/11/2014|4:40:39 PM|Info|RaiseEvent EvtDeviceError
7/11/2014|4:40:39 PM|Warn|StartDevice - Init Receipt Printer Printer Device Failed
7/11/2014|4:40:54 PM|Info|Log Start
7/11/2014|4:40:54 PM|Info|Printer Hookup Class Init Ok
7/11/2014|4:40:54 PM|Info|Printer Spooler Status Ok
7/11/2014|4:40:54 PM|Info|Printer Status:False
7/11/2014|4:40:54 PM|Info|Printer Failed:False
7/11/2014|4:40:54 PM|Info|Paper OK:False
7/11/2014|4:40:54 PM|Info|Paper Low:False
7/11/2014|4:40:54 PM|Info|Paper End:False
7/11/2014|4:40:54 PM|Info|Paper Jam:False
7/11/2014|4:40:54 PM|Info|RaiseEvent EvtDeviceError
7/11/2014|4:40:54 PM|Warn|StartDevice - Init Receipt Printer Printer Device Failed
7/11/2014|4:56:34 PM|Info|Log Start
7/11/2014|4:56:34 PM|Info|Printer Hookup Class Init Ok
7/11/2014|4:56:34 PM|Info|Printer Spooler Status Ok
7/11/2014|4:56:34 PM|Info|Printer Status:False
7/11/2014|4:56:34 PM|Info|Printer Failed:False
7/11/2014|4:56:34 PM|Info|Paper OK:False
7/11/2014|4:56:34 PM|Info|Paper Low:False
7/11/2014|4:56:34 PM|Info|Paper End:False
7/11/2014|4:56:34 PM|Info|Paper Jam:False
7/11/2014|4:56:34 PM|Info|RaiseEvent EvtDeviceError
7/11/2014|4:56:34 PM|Warn|StartDevice - Init Receipt Printer Printer Device Failed
