7/11/2014|11:29:50 AM|Info|Log Start
7/11/2014|11:29:50 AM|Info|Printer Main App Init Ok
7/11/2014|11:29:50 AM|Info|Logger INI Path:E:\MDSHWDAPP\MDSHWD\ReceiptPrinterApp\AppIniFile\AppLayerIni\AppLayerLogSetting\PRINTERMAINAPPLOG.INI
7/11/2014|11:29:50 AM|Info|App HSK INI Path:E:\MDSHWDAPP\MDSHWD\ReceiptPrinterApp\AppIniFile\AppHSKCFG.ini
7/11/2014|11:29:50 AM|Info|App Mode Path:E:\MDSHWDAPP\MDSHWD\ReceiptPrinterApp\AppIniFile\AppCFG.ini
7/11/2014|11:29:50 AM|Info|AutoHSKLog: HskDate Delete Log File before:5/12/2014 Housekeeping routines day:60
7/11/2014|11:29:50 AM|Info|AutoHSKLog:Total Log Folder Deleted:0
7/11/2014|11:29:50 AM|Info|App Mode =0
7/11/2014|11:29:51 AM|Info|Log End
7/11/2014|12:04:23 PM|Info|Log Start
7/11/2014|12:04:23 PM|Info|Printer Main App Init Ok
7/11/2014|12:04:23 PM|Info|Logger INI Path:E:\MDSHWDAPP\MDSHWD\ReceiptPrinterApp\AppIniFile\AppLayerIni\AppLayerLogSetting\PRINTERMAINAPPLOG.INI
7/11/2014|12:04:23 PM|Info|App HSK INI Path:E:\MDSHWDAPP\MDSHWD\ReceiptPrinterApp\AppIniFile\AppHSKCFG.ini
7/11/2014|12:04:23 PM|Info|App Mode Path:E:\MDSHWDAPP\MDSHWD\ReceiptPrinterApp\AppIniFile\AppCFG.ini
7/11/2014|12:04:23 PM|Info|AutoHSKLog: HskDate Delete Log File before:5/12/2014 Housekeeping routines day:60
7/11/2014|12:04:23 PM|Info|AutoHSKLog:Total Log Folder Deleted:0
7/11/2014|12:04:23 PM|Info|App Mode =0
7/11/2014|12:04:26 PM|Info|Printer Diagnostic Mode Selected - Engineer
7/11/2014|12:04:26 PM|Info|== Start Printer Diagnostic Mode ==
7/11/2014|12:04:27 PM|Info|== Start Printer Setting ==
7/11/2014|12:04:31 PM|Info|== End Printer Setting ==
7/11/2014|12:04:34 PM|Info|== End Printer Diagnostic Mode ==
7/11/2014|12:04:35 PM|Info|Log End
7/11/2014|12:13:32 PM|Info|Log Start
7/11/2014|12:13:32 PM|Info|Printer Main App Init Ok
7/11/2014|12:13:32 PM|Info|Logger INI Path:E:\MDSHWDAPP\MDSHWD\ReceiptPrinterApp\AppIniFile\AppLayerIni\AppLayerLogSetting\PRINTERMAINAPPLOG.INI
7/11/2014|12:13:32 PM|Info|App HSK INI Path:E:\MDSHWDAPP\MDSHWD\ReceiptPrinterApp\AppIniFile\AppHSKCFG.ini
7/11/2014|12:13:32 PM|Info|App Mode Path:E:\MDSHWDAPP\MDSHWD\ReceiptPrinterApp\AppIniFile\AppCFG.ini
7/11/2014|12:13:32 PM|Info|AutoHSKLog: HskDate Delete Log File before:5/12/2014 Housekeeping routines day:60
7/11/2014|12:13:32 PM|Info|AutoHSKLog:Total Log Folder Deleted:0
7/11/2014|12:13:32 PM|Info|App Mode =0
7/11/2014|12:13:32 PM|Info|Printer Diagnostic Mode Selected - Engineer
7/11/2014|12:13:32 PM|Info|== Start Printer Diagnostic Mode ==
7/11/2014|12:13:35 PM|Info|== Start Printer Setting ==
7/11/2014|12:13:36 PM|Info|== End Printer Setting ==
7/11/2014|12:13:37 PM|Info|== Start Printer Setting ==
7/11/2014|12:13:38 PM|Info|== End Printer Setting ==
7/11/2014|12:13:38 PM|Info|== End Printer Diagnostic Mode ==
7/11/2014|12:13:40 PM|Info|Log End
